{"contracts/IWatchersRing.sol":{"l":{},"path":"/Users/rodolfoferro/Documents/GitHub/watchers-rings-contract/contracts/IWatchersRing.sol","s":{},"b":{},"f":{},"fnMap":{},"statementMap":{},"branchMap":{}},"contracts/WatchersRing.sol":{"l":{"43":30,"57":110,"58":0,"61":110,"63":110,"64":110,"66":110,"77":3,"82":2,"91":1,"100":1,"108":1,"120":1,"128":9,"129":9,"138":5,"139":4,"151":3,"152":2,"166":9,"167":6,"179":6,"180":6,"181":6,"193":6,"201":1,"202":1,"212":0,"213":0,"215":0},"path":"/Users/rodolfoferro/Documents/GitHub/watchers-rings-contract/contracts/WatchersRing.sol","s":{"1":110,"2":110,"3":110,"4":110,"5":3,"6":2,"7":1,"8":1,"9":1,"10":9,"11":5,"12":4,"13":3,"14":2,"15":9,"16":6,"17":6,"18":6,"19":6,"20":1,"21":1,"22":0,"23":0},"b":{"1":[110,0],"2":[0,110],"3":[110,0],"4":[2,1],"5":[1,0],"6":[9,0],"7":[9,0],"8":[4,1],"9":[2,1],"10":[6,3],"11":[6,0],"12":[6,0],"13":[1,0],"14":[1,0],"15":[0,0],"16":[0,0]},"f":{"1":30,"2":110,"3":3,"4":1,"5":1,"6":1,"7":1,"8":9,"9":5,"10":3,"11":9,"12":6,"13":6,"14":1,"15":0},"fnMap":{"1":{"name":"constructor","line":42,"loc":{"start":{"line":42,"column":4},"end":{"line":44,"column":4}}},"2":{"name":"mintTokenId","line":56,"loc":{"start":{"line":52,"column":4},"end":{"line":67,"column":4}}},"3":{"name":"tokenURI","line":74,"loc":{"start":{"line":74,"column":4},"end":{"line":83,"column":4}}},"4":{"name":"getTokenURI","line":90,"loc":{"start":{"line":90,"column":4},"end":{"line":92,"column":4}}},"5":{"name":"exists","line":99,"loc":{"start":{"line":99,"column":4},"end":{"line":101,"column":4}}},"6":{"name":"totalSupply","line":107,"loc":{"start":{"line":107,"column":4},"end":{"line":109,"column":4}}},"7":{"name":"setBaseURI","line":119,"loc":{"start":{"line":119,"column":4},"end":{"line":121,"column":4}}},"8":{"name":"setMinter","line":127,"loc":{"start":{"line":127,"column":4},"end":{"line":130,"column":4}}},"9":{"name":"approve","line":137,"loc":{"start":{"line":137,"column":4},"end":{"line":140,"column":4}}},"10":{"name":"setApprovalForAll","line":147,"loc":{"start":{"line":147,"column":4},"end":{"line":153,"column":4}}},"11":{"name":"isApprovedForAll","line":162,"loc":{"start":{"line":162,"column":4},"end":{"line":168,"column":4}}},"12":{"name":"getApproved","line":176,"loc":{"start":{"line":176,"column":4},"end":{"line":182,"column":4}}},"13":{"name":"setDeniedMarketplace","line":192,"loc":{"start":{"line":189,"column":4},"end":{"line":194,"column":4}}},"14":{"name":"withdrawAll","line":200,"loc":{"start":{"line":200,"column":4},"end":{"line":203,"column":4}}},"15":{"name":"forwardERC20s","line":211,"loc":{"start":{"line":211,"column":4},"end":{"line":216,"column":4}}}},"statementMap":{"1":{"start":{"line":57,"column":8},"end":{"line":57,"column":1925}},"2":{"start":{"line":61,"column":8},"end":{"line":61,"column":61}},"3":{"start":{"line":64,"column":8},"end":{"line":64,"column":58}},"4":{"start":{"line":66,"column":8},"end":{"line":66,"column":36}},"5":{"start":{"line":77,"column":8},"end":{"line":77,"column":2494}},"6":{"start":{"line":82,"column":8},"end":{"line":82,"column":73}},"7":{"start":{"line":91,"column":8},"end":{"line":91,"column":27}},"8":{"start":{"line":100,"column":8},"end":{"line":100,"column":31}},"9":{"start":{"line":108,"column":8},"end":{"line":108,"column":24}},"10":{"start":{"line":128,"column":8},"end":{"line":128,"column":65}},"11":{"start":{"line":138,"column":8},"end":{"line":138,"column":63}},"12":{"start":{"line":139,"column":8},"end":{"line":139,"column":33}},"13":{"start":{"line":151,"column":8},"end":{"line":151,"column":69}},"14":{"start":{"line":152,"column":8},"end":{"line":152,"column":50}},"15":{"start":{"line":166,"column":8},"end":{"line":166,"column":69}},"16":{"start":{"line":167,"column":8},"end":{"line":167,"column":54}},"17":{"start":{"line":179,"column":8},"end":{"line":179,"column":49}},"18":{"start":{"line":180,"column":8},"end":{"line":180,"column":65}},"19":{"start":{"line":181,"column":8},"end":{"line":181,"column":19}},"20":{"start":{"line":201,"column":8},"end":{"line":201,"column":76}},"21":{"start":{"line":202,"column":8},"end":{"line":202,"column":54}},"22":{"start":{"line":212,"column":8},"end":{"line":212,"column":6911}},"23":{"start":{"line":215,"column":8},"end":{"line":215,"column":41}}},"branchMap":{"1":{"line":56,"type":"if","locations":[{"start":{"line":56,"column":22},"end":{"line":56,"column":22}},{"start":{"line":56,"column":22},"end":{"line":56,"column":22}}]},"2":{"line":57,"type":"if","locations":[{"start":{"line":57,"column":8},"end":{"line":57,"column":8}},{"start":{"line":57,"column":8},"end":{"line":57,"column":8}}]},"3":{"line":61,"type":"if","locations":[{"start":{"line":61,"column":8},"end":{"line":61,"column":8}},{"start":{"line":61,"column":8},"end":{"line":61,"column":8}}]},"4":{"line":77,"type":"if","locations":[{"start":{"line":77,"column":8},"end":{"line":77,"column":8}},{"start":{"line":77,"column":8},"end":{"line":77,"column":8}}]},"5":{"line":119,"type":"if","locations":[{"start":{"line":119,"column":59},"end":{"line":119,"column":59}},{"start":{"line":119,"column":59},"end":{"line":119,"column":59}}]},"6":{"line":127,"type":"if","locations":[{"start":{"line":127,"column":51},"end":{"line":127,"column":51}},{"start":{"line":127,"column":51},"end":{"line":127,"column":51}}]},"7":{"line":128,"type":"if","locations":[{"start":{"line":128,"column":8},"end":{"line":128,"column":8}},{"start":{"line":128,"column":8},"end":{"line":128,"column":8}}]},"8":{"line":138,"type":"if","locations":[{"start":{"line":138,"column":8},"end":{"line":138,"column":8}},{"start":{"line":138,"column":8},"end":{"line":138,"column":8}}]},"9":{"line":151,"type":"if","locations":[{"start":{"line":151,"column":8},"end":{"line":151,"column":8}},{"start":{"line":151,"column":8},"end":{"line":151,"column":8}}]},"10":{"line":166,"type":"if","locations":[{"start":{"line":166,"column":8},"end":{"line":166,"column":8}},{"start":{"line":166,"column":8},"end":{"line":166,"column":8}}]},"11":{"line":180,"type":"if","locations":[{"start":{"line":180,"column":8},"end":{"line":180,"column":8}},{"start":{"line":180,"column":8},"end":{"line":180,"column":8}}]},"12":{"line":192,"type":"if","locations":[{"start":{"line":192,"column":13},"end":{"line":192,"column":13}},{"start":{"line":192,"column":13},"end":{"line":192,"column":13}}]},"13":{"line":200,"type":"if","locations":[{"start":{"line":200,"column":44},"end":{"line":200,"column":44}},{"start":{"line":200,"column":44},"end":{"line":200,"column":44}}]},"14":{"line":202,"type":"if","locations":[{"start":{"line":202,"column":8},"end":{"line":202,"column":8}},{"start":{"line":202,"column":8},"end":{"line":202,"column":8}}]},"15":{"line":211,"type":"if","locations":[{"start":{"line":211,"column":66},"end":{"line":211,"column":66}},{"start":{"line":211,"column":66},"end":{"line":211,"column":66}}]},"16":{"line":212,"type":"if","locations":[{"start":{"line":212,"column":8},"end":{"line":212,"column":8}},{"start":{"line":212,"column":8},"end":{"line":212,"column":8}}]}}},"contracts/WatchersRingMinter.sol":{"l":{"88":27,"89":27,"97":17,"105":6,"113":106,"121":2,"129":1,"137":103,"139":103,"140":103,"144":103,"145":103,"146":455,"147":455,"148":103,"149":103,"153":103,"163":1,"171":106,"172":106,"181":106,"193":1,"195":1,"196":1,"197":1,"198":1,"199":1,"200":1,"201":1,"202":1,"204":1,"212":107,"214":107,"223":107,"231":1,"241":115,"243":115,"244":5,"247":115,"254":104,"261":104,"262":1,"267":103,"279":5,"280":1,"286":4,"290":4,"296":2,"298":2,"302":2,"303":2,"315":4,"316":1,"323":3,"327":3,"332":2,"334":2,"338":2,"339":2,"347":105,"348":0,"350":105,"351":104,"360":106,"365":106,"370":103,"373":103,"376":103,"377":103,"379":103,"380":103,"393":6,"397":6,"398":9,"399":2,"402":7,"403":7,"405":7,"406":7,"418":110,"427":110,"429":110,"430":110,"432":110,"445":7,"455":7,"465":6,"473":1,"481":1,"489":1,"499":27,"509":27,"518":1,"519":0,"521":1,"532":1,"533":0,"538":1,"539":0,"541":1,"549":1,"550":0,"552":1,"560":6,"561":0,"563":6,"573":3,"575":3,"576":18,"579":3,"580":2,"586":1,"587":0,"593":1,"594":0,"597":1,"605":1,"606":1,"613":1,"614":1,"623":0,"624":0,"626":0},"path":"/Users/rodolfoferro/Documents/GitHub/watchers-rings-contract/contracts/WatchersRingMinter.sol","s":{"1":27,"2":27,"3":17,"4":6,"5":106,"6":2,"7":1,"8":103,"9":103,"10":103,"11":103,"12":455,"13":103,"14":1,"15":106,"16":106,"17":1,"18":1,"19":107,"20":107,"21":1,"22":115,"23":115,"24":115,"25":104,"26":104,"27":103,"28":5,"29":4,"30":4,"31":2,"32":2,"33":2,"34":4,"35":3,"36":3,"37":2,"38":2,"39":2,"40":105,"41":105,"42":104,"43":106,"44":106,"45":103,"46":103,"47":103,"48":103,"49":6,"50":6,"51":9,"52":7,"53":7,"54":110,"55":110,"56":110,"57":110,"58":110,"59":1,"60":1,"61":1,"62":1,"63":6,"64":3,"65":3,"66":3,"67":1,"68":1,"69":1,"70":1,"71":1,"72":1,"73":0,"74":0},"b":{"1":[103,352],"2":[5,110],"3":[104,0],"4":[1,103],"5":[5,0],"6":[1,4],"7":[2,2],"8":[0,2],"9":[2,0],"10":[4,0],"11":[1,3],"12":[2,1],"13":[2,0],"14":[0,105],"15":[104,1],"16":[106,0],"17":[103,3],"18":[6,0],"19":[6,0],"20":[2,7],"21":[110,0],"22":[110,0],"23":[7,0],"24":[7,0],"25":[6,0],"26":[1,0],"27":[1,0],"28":[1,0],"29":[27,0],"30":[27,0],"31":[1,0],"32":[0,1],"33":[1,0],"34":[0,1],"35":[0,1],"36":[1,0],"37":[0,1],"38":[6,0],"39":[0,6],"40":[3,0],"41":[2,1],"42":[0,1],"43":[0,1],"44":[1,0],"45":[1,0],"46":[1,0],"47":[1,0],"48":[0,0],"49":[0,0]},"f":{"1":27,"2":17,"3":6,"4":106,"5":2,"6":1,"7":103,"8":1,"9":106,"10":1,"11":107,"12":1,"13":115,"14":104,"15":104,"16":5,"17":4,"18":105,"19":106,"20":6,"21":110,"22":7,"23":7,"24":6,"25":1,"26":1,"27":1,"28":27,"29":27,"30":1,"31":1,"32":1,"33":6,"34":3,"35":1,"36":1,"37":0},"fnMap":{"1":{"name":"constructor","line":87,"loc":{"start":{"line":87,"column":4},"end":{"line":90,"column":4}}},"2":{"name":"mintlistStarted","line":96,"loc":{"start":{"line":96,"column":4},"end":{"line":98,"column":4}}},"3":{"name":"claimsStarted","line":104,"loc":{"start":{"line":104,"column":4},"end":{"line":106,"column":4}}},"4":{"name":"publicStarted","line":112,"loc":{"start":{"line":112,"column":4},"end":{"line":114,"column":4}}},"5":{"name":"getInitialRings","line":120,"loc":{"start":{"line":120,"column":4},"end":{"line":122,"column":4}}},"6":{"name":"getRingPrice","line":128,"loc":{"start":{"line":128,"column":4},"end":{"line":130,"column":4}}},"7":{"name":"generateRing","line":136,"loc":{"start":{"line":136,"column":4},"end":{"line":154,"column":4}}},"8":{"name":"getTokenIdRingType","line":160,"loc":{"start":{"line":160,"column":4},"end":{"line":164,"column":4}}},"9":{"name":"getTotalMintedRings","line":170,"loc":{"start":{"line":170,"column":4},"end":{"line":182,"column":4}}},"10":{"name":"getTotalMintedRingsByType","line":188,"loc":{"start":{"line":188,"column":4},"end":{"line":205,"column":4}}},"11":{"name":"getAvailableRings","line":211,"loc":{"start":{"line":211,"column":4},"end":{"line":224,"column":4}}},"12":{"name":"getProbabilities","line":230,"loc":{"start":{"line":230,"column":4},"end":{"line":232,"column":4}}},"13":{"name":"addressAlreadyMinted","line":238,"loc":{"start":{"line":238,"column":4},"end":{"line":248,"column":4}}},"14":{"name":"mint","line":253,"loc":{"start":{"line":253,"column":4},"end":{"line":255,"column":4}}},"15":{"name":"privateMint","line":260,"loc":{"start":{"line":260,"column":4},"end":{"line":268,"column":4}}},"16":{"name":"mintlistMint","line":278,"loc":{"start":{"line":275,"column":4},"end":{"line":304,"column":4}}},"17":{"name":"claimlistMint","line":314,"loc":{"start":{"line":311,"column":4},"end":{"line":340,"column":4}}},"18":{"name":"_mintTokenCheckingValue","line":346,"loc":{"start":{"line":346,"column":4},"end":{"line":352,"column":4}}},"19":{"name":"_mintToken","line":359,"loc":{"start":{"line":359,"column":4},"end":{"line":381,"column":4}}},"20":{"name":"ownerMint","line":392,"loc":{"start":{"line":389,"column":4},"end":{"line":408,"column":4}}},"21":{"name":"ownerGetNextTokenId","line":415,"loc":{"start":{"line":415,"column":4},"end":{"line":433,"column":4}}},"22":{"name":"setPublicMintStartTime","line":444,"loc":{"start":{"line":442,"column":4},"end":{"line":446,"column":4}}},"23":{"name":"setMintlistStartTime","line":454,"loc":{"start":{"line":452,"column":4},"end":{"line":456,"column":4}}},"24":{"name":"setClaimsStartTime","line":464,"loc":{"start":{"line":462,"column":4},"end":{"line":466,"column":4}}},"25":{"name":"setMintlistMerkleRoot1","line":472,"loc":{"start":{"line":472,"column":4},"end":{"line":474,"column":4}}},"26":{"name":"setMintlistMerkleRoot2","line":480,"loc":{"start":{"line":480,"column":4},"end":{"line":482,"column":4}}},"27":{"name":"setClaimlistMerkleRoot","line":488,"loc":{"start":{"line":488,"column":4},"end":{"line":490,"column":4}}},"28":{"name":"setWatchersRing","line":498,"loc":{"start":{"line":496,"column":4},"end":{"line":500,"column":4}}},"29":{"name":"setVaultAddress","line":508,"loc":{"start":{"line":506,"column":4},"end":{"line":510,"column":4}}},"30":{"name":"setGlobalIdOffset","line":517,"loc":{"start":{"line":517,"column":4},"end":{"line":522,"column":4}}},"31":{"name":"setLocalIdOffsets","line":531,"loc":{"start":{"line":529,"column":4},"end":{"line":542,"column":4}}},"32":{"name":"setRingsAvailable","line":548,"loc":{"start":{"line":548,"column":4},"end":{"line":553,"column":4}}},"33":{"name":"setPrice","line":559,"loc":{"start":{"line":559,"column":4},"end":{"line":564,"column":4}}},"34":{"name":"setProbabilities","line":572,"loc":{"start":{"line":570,"column":4},"end":{"line":598,"column":4}}},"35":{"name":"withdraw","line":604,"loc":{"start":{"line":604,"column":4},"end":{"line":607,"column":4}}},"36":{"name":"withdrawAll","line":612,"loc":{"start":{"line":612,"column":4},"end":{"line":615,"column":4}}},"37":{"name":"forwardERC20s","line":622,"loc":{"start":{"line":622,"column":4},"end":{"line":627,"column":4}}}},"statementMap":{"1":{"start":{"line":88,"column":8},"end":{"line":88,"column":37}},"2":{"start":{"line":89,"column":8},"end":{"line":89,"column":43}},"3":{"start":{"line":97,"column":8},"end":{"line":97,"column":51}},"4":{"start":{"line":105,"column":8},"end":{"line":105,"column":49}},"5":{"start":{"line":113,"column":8},"end":{"line":113,"column":53}},"6":{"start":{"line":121,"column":8},"end":{"line":121,"column":29}},"7":{"start":{"line":129,"column":8},"end":{"line":129,"column":24}},"8":{"start":{"line":137,"column":8},"end":{"line":137,"column":28}},"9":{"start":{"line":140,"column":8},"end":{"line":140,"column":4409}},"10":{"start":{"line":144,"column":8},"end":{"line":144,"column":30}},"11":{"start":{"line":145,"column":8},"end":{"line":145,"column":4570}},"12":{"start":{"line":147,"column":12},"end":{"line":147,"column":4707}},"13":{"start":{"line":153,"column":8},"end":{"line":153,"column":23}},"14":{"start":{"line":163,"column":8},"end":{"line":163,"column":28}},"15":{"start":{"line":171,"column":8},"end":{"line":171,"column":32}},"16":{"start":{"line":181,"column":8},"end":{"line":181,"column":31}},"17":{"start":{"line":193,"column":8},"end":{"line":193,"column":61}},"18":{"start":{"line":204,"column":8},"end":{"line":204,"column":32}},"19":{"start":{"line":212,"column":8},"end":{"line":212,"column":42}},"20":{"start":{"line":223,"column":8},"end":{"line":223,"column":24}},"21":{"start":{"line":231,"column":8},"end":{"line":231,"column":40}},"22":{"start":{"line":241,"column":8},"end":{"line":241,"column":34}},"23":{"start":{"line":243,"column":8},"end":{"line":243,"column":7473}},"24":{"start":{"line":247,"column":8},"end":{"line":247,"column":28}},"25":{"start":{"line":254,"column":8},"end":{"line":254,"column":20}},"26":{"start":{"line":261,"column":8},"end":{"line":261,"column":7848}},"27":{"start":{"line":267,"column":8},"end":{"line":267,"column":42}},"28":{"start":{"line":279,"column":8},"end":{"line":279,"column":8461}},"29":{"start":{"line":286,"column":8},"end":{"line":286,"column":8686}},"30":{"start":{"line":290,"column":8},"end":{"line":290,"column":8795}},"31":{"start":{"line":296,"column":8},"end":{"line":296,"column":61}},"32":{"start":{"line":298,"column":8},"end":{"line":298,"column":9071}},"33":{"start":{"line":303,"column":8},"end":{"line":303,"column":42}},"34":{"start":{"line":315,"column":8},"end":{"line":315,"column":9705}},"35":{"start":{"line":323,"column":8},"end":{"line":323,"column":9927}},"36":{"start":{"line":327,"column":8},"end":{"line":327,"column":10036}},"37":{"start":{"line":332,"column":8},"end":{"line":332,"column":62}},"38":{"start":{"line":334,"column":8},"end":{"line":334,"column":10233}},"39":{"start":{"line":339,"column":8},"end":{"line":339,"column":29}},"40":{"start":{"line":347,"column":8},"end":{"line":347,"column":10703}},"41":{"start":{"line":350,"column":8},"end":{"line":350,"column":75}},"42":{"start":{"line":351,"column":8},"end":{"line":351,"column":28}},"43":{"start":{"line":360,"column":8},"end":{"line":360,"column":11141}},"44":{"start":{"line":365,"column":8},"end":{"line":365,"column":11283}},"45":{"start":{"line":370,"column":8},"end":{"line":370,"column":41}},"46":{"start":{"line":373,"column":8},"end":{"line":373,"column":11551}},"47":{"start":{"line":376,"column":8},"end":{"line":376,"column":59}},"48":{"start":{"line":379,"column":8},"end":{"line":379,"column":65}},"49":{"start":{"line":393,"column":8},"end":{"line":393,"column":12297}},"50":{"start":{"line":397,"column":8},"end":{"line":397,"column":12424}},"51":{"start":{"line":398,"column":12},"end":{"line":398,"column":12490}},"52":{"start":{"line":402,"column":12},"end":{"line":402,"column":63}},"53":{"start":{"line":405,"column":12},"end":{"line":405,"column":73}},"54":{"start":{"line":418,"column":8},"end":{"line":418,"column":13200}},"55":{"start":{"line":427,"column":8},"end":{"line":427,"column":13504}},"56":{"start":{"line":429,"column":8},"end":{"line":429,"column":67}},"57":{"start":{"line":430,"column":8},"end":{"line":430,"column":64}},"58":{"start":{"line":432,"column":8},"end":{"line":432,"column":78}},"59":{"start":{"line":518,"column":8},"end":{"line":518,"column":16347}},"60":{"start":{"line":532,"column":8},"end":{"line":532,"column":16832}},"61":{"start":{"line":538,"column":8},"end":{"line":538,"column":17041}},"62":{"start":{"line":549,"column":8},"end":{"line":549,"column":17405}},"63":{"start":{"line":560,"column":8},"end":{"line":560,"column":17733}},"64":{"start":{"line":573,"column":8},"end":{"line":573,"column":38}},"65":{"start":{"line":575,"column":8},"end":{"line":575,"column":18152}},"66":{"start":{"line":579,"column":8},"end":{"line":579,"column":18284}},"67":{"start":{"line":586,"column":8},"end":{"line":586,"column":18474}},"68":{"start":{"line":593,"column":8},"end":{"line":593,"column":18672}},"69":{"start":{"line":605,"column":8},"end":{"line":605,"column":57}},"70":{"start":{"line":606,"column":8},"end":{"line":606,"column":54}},"71":{"start":{"line":613,"column":8},"end":{"line":613,"column":71}},"72":{"start":{"line":614,"column":8},"end":{"line":614,"column":58}},"73":{"start":{"line":623,"column":8},"end":{"line":623,"column":19648}},"74":{"start":{"line":626,"column":8},"end":{"line":626,"column":43}}},"branchMap":{"1":{"line":147,"type":"if","locations":[{"start":{"line":147,"column":12},"end":{"line":147,"column":12}},{"start":{"line":147,"column":12},"end":{"line":147,"column":12}}]},"2":{"line":243,"type":"if","locations":[{"start":{"line":243,"column":8},"end":{"line":243,"column":8}},{"start":{"line":243,"column":8},"end":{"line":243,"column":8}}]},"3":{"line":253,"type":"if","locations":[{"start":{"line":253,"column":37},"end":{"line":253,"column":37}},{"start":{"line":253,"column":37},"end":{"line":253,"column":37}}]},"4":{"line":261,"type":"if","locations":[{"start":{"line":261,"column":8},"end":{"line":261,"column":8}},{"start":{"line":261,"column":8},"end":{"line":261,"column":8}}]},"5":{"line":278,"type":"if","locations":[{"start":{"line":278,"column":23},"end":{"line":278,"column":23}},{"start":{"line":278,"column":23},"end":{"line":278,"column":23}}]},"6":{"line":279,"type":"if","locations":[{"start":{"line":279,"column":8},"end":{"line":279,"column":8}},{"start":{"line":279,"column":8},"end":{"line":279,"column":8}}]},"7":{"line":290,"type":"if","locations":[{"start":{"line":290,"column":8},"end":{"line":290,"column":8}},{"start":{"line":290,"column":8},"end":{"line":290,"column":8}}]},"8":{"line":291,"type":"cond-expr","locations":[{"start":{"line":291,"column":12},"end":{"line":291,"column":71}},{"start":{"line":292,"column":16},"end":{"line":292,"column":75}}]},"9":{"line":298,"type":"if","locations":[{"start":{"line":298,"column":8},"end":{"line":298,"column":8}},{"start":{"line":298,"column":8},"end":{"line":298,"column":8}}]},"10":{"line":314,"type":"if","locations":[{"start":{"line":314,"column":23},"end":{"line":314,"column":23}},{"start":{"line":314,"column":23},"end":{"line":314,"column":23}}]},"11":{"line":315,"type":"if","locations":[{"start":{"line":315,"column":8},"end":{"line":315,"column":8}},{"start":{"line":315,"column":8},"end":{"line":315,"column":8}}]},"12":{"line":327,"type":"if","locations":[{"start":{"line":327,"column":8},"end":{"line":327,"column":8}},{"start":{"line":327,"column":8},"end":{"line":327,"column":8}}]},"13":{"line":334,"type":"if","locations":[{"start":{"line":334,"column":8},"end":{"line":334,"column":8}},{"start":{"line":334,"column":8},"end":{"line":334,"column":8}}]},"14":{"line":347,"type":"if","locations":[{"start":{"line":347,"column":8},"end":{"line":347,"column":8}},{"start":{"line":347,"column":8},"end":{"line":347,"column":8}}]},"15":{"line":350,"type":"if","locations":[{"start":{"line":350,"column":8},"end":{"line":350,"column":8}},{"start":{"line":350,"column":8},"end":{"line":350,"column":8}}]},"16":{"line":360,"type":"if","locations":[{"start":{"line":360,"column":8},"end":{"line":360,"column":8}},{"start":{"line":360,"column":8},"end":{"line":360,"column":8}}]},"17":{"line":365,"type":"if","locations":[{"start":{"line":365,"column":8},"end":{"line":365,"column":8}},{"start":{"line":365,"column":8},"end":{"line":365,"column":8}}]},"18":{"line":392,"type":"if","locations":[{"start":{"line":392,"column":15},"end":{"line":392,"column":15}},{"start":{"line":392,"column":15},"end":{"line":392,"column":15}}]},"19":{"line":393,"type":"if","locations":[{"start":{"line":393,"column":8},"end":{"line":393,"column":8}},{"start":{"line":393,"column":8},"end":{"line":393,"column":8}}]},"20":{"line":398,"type":"if","locations":[{"start":{"line":398,"column":12},"end":{"line":398,"column":12}},{"start":{"line":398,"column":12},"end":{"line":398,"column":12}}]},"21":{"line":429,"type":"if","locations":[{"start":{"line":429,"column":8},"end":{"line":429,"column":8}},{"start":{"line":429,"column":8},"end":{"line":429,"column":8}}]},"22":{"line":430,"type":"if","locations":[{"start":{"line":430,"column":8},"end":{"line":430,"column":8}},{"start":{"line":430,"column":8},"end":{"line":430,"column":8}}]},"23":{"line":444,"type":"if","locations":[{"start":{"line":444,"column":15},"end":{"line":444,"column":15}},{"start":{"line":444,"column":15},"end":{"line":444,"column":15}}]},"24":{"line":454,"type":"if","locations":[{"start":{"line":454,"column":15},"end":{"line":454,"column":15}},{"start":{"line":454,"column":15},"end":{"line":454,"column":15}}]},"25":{"line":464,"type":"if","locations":[{"start":{"line":464,"column":15},"end":{"line":464,"column":15}},{"start":{"line":464,"column":15},"end":{"line":464,"column":15}}]},"26":{"line":472,"type":"if","locations":[{"start":{"line":472,"column":68},"end":{"line":472,"column":68}},{"start":{"line":472,"column":68},"end":{"line":472,"column":68}}]},"27":{"line":480,"type":"if","locations":[{"start":{"line":480,"column":68},"end":{"line":480,"column":68}},{"start":{"line":480,"column":68},"end":{"line":480,"column":68}}]},"28":{"line":488,"type":"if","locations":[{"start":{"line":488,"column":68},"end":{"line":488,"column":68}},{"start":{"line":488,"column":68},"end":{"line":488,"column":68}}]},"29":{"line":498,"type":"if","locations":[{"start":{"line":498,"column":13},"end":{"line":498,"column":13}},{"start":{"line":498,"column":13},"end":{"line":498,"column":13}}]},"30":{"line":508,"type":"if","locations":[{"start":{"line":508,"column":13},"end":{"line":508,"column":13}},{"start":{"line":508,"column":13},"end":{"line":508,"column":13}}]},"31":{"line":517,"type":"if","locations":[{"start":{"line":517,"column":68},"end":{"line":517,"column":68}},{"start":{"line":517,"column":68},"end":{"line":517,"column":68}}]},"32":{"line":518,"type":"if","locations":[{"start":{"line":518,"column":8},"end":{"line":518,"column":8}},{"start":{"line":518,"column":8},"end":{"line":518,"column":8}}]},"33":{"line":531,"type":"if","locations":[{"start":{"line":531,"column":15},"end":{"line":531,"column":15}},{"start":{"line":531,"column":15},"end":{"line":531,"column":15}}]},"34":{"line":532,"type":"if","locations":[{"start":{"line":532,"column":8},"end":{"line":532,"column":8}},{"start":{"line":532,"column":8},"end":{"line":532,"column":8}}]},"35":{"line":538,"type":"if","locations":[{"start":{"line":538,"column":8},"end":{"line":538,"column":8}},{"start":{"line":538,"column":8},"end":{"line":538,"column":8}}]},"36":{"line":548,"type":"if","locations":[{"start":{"line":548,"column":68},"end":{"line":548,"column":68}},{"start":{"line":548,"column":68},"end":{"line":548,"column":68}}]},"37":{"line":549,"type":"if","locations":[{"start":{"line":549,"column":8},"end":{"line":549,"column":8}},{"start":{"line":549,"column":8},"end":{"line":549,"column":8}}]},"38":{"line":559,"type":"if","locations":[{"start":{"line":559,"column":50},"end":{"line":559,"column":50}},{"start":{"line":559,"column":50},"end":{"line":559,"column":50}}]},"39":{"line":560,"type":"if","locations":[{"start":{"line":560,"column":8},"end":{"line":560,"column":8}},{"start":{"line":560,"column":8},"end":{"line":560,"column":8}}]},"40":{"line":572,"type":"if","locations":[{"start":{"line":572,"column":15},"end":{"line":572,"column":15}},{"start":{"line":572,"column":15},"end":{"line":572,"column":15}}]},"41":{"line":579,"type":"if","locations":[{"start":{"line":579,"column":8},"end":{"line":579,"column":8}},{"start":{"line":579,"column":8},"end":{"line":579,"column":8}}]},"42":{"line":586,"type":"if","locations":[{"start":{"line":586,"column":8},"end":{"line":586,"column":8}},{"start":{"line":586,"column":8},"end":{"line":586,"column":8}}]},"43":{"line":593,"type":"if","locations":[{"start":{"line":593,"column":8},"end":{"line":593,"column":8}},{"start":{"line":593,"column":8},"end":{"line":593,"column":8}}]},"44":{"line":604,"type":"if","locations":[{"start":{"line":604,"column":48},"end":{"line":604,"column":48}},{"start":{"line":604,"column":48},"end":{"line":604,"column":48}}]},"45":{"line":606,"type":"if","locations":[{"start":{"line":606,"column":8},"end":{"line":606,"column":8}},{"start":{"line":606,"column":8},"end":{"line":606,"column":8}}]},"46":{"line":612,"type":"if","locations":[{"start":{"line":612,"column":36},"end":{"line":612,"column":36}},{"start":{"line":612,"column":36},"end":{"line":612,"column":36}}]},"47":{"line":614,"type":"if","locations":[{"start":{"line":614,"column":8},"end":{"line":614,"column":8}},{"start":{"line":614,"column":8},"end":{"line":614,"column":8}}]},"48":{"line":622,"type":"if","locations":[{"start":{"line":622,"column":68},"end":{"line":622,"column":68}},{"start":{"line":622,"column":68},"end":{"line":622,"column":68}}]},"49":{"line":623,"type":"if","locations":[{"start":{"line":623,"column":8},"end":{"line":623,"column":8}},{"start":{"line":623,"column":8},"end":{"line":623,"column":8}}]}}}}