{"contracts/IWatchersRing.sol":{"l":{},"path":"/Users/rodolfoferro/Documents/GitHub/watchers-rings-contract/contracts/IWatchersRing.sol","s":{},"b":{},"f":{},"fnMap":{},"statementMap":{},"branchMap":{}},"contracts/WatchersRing.sol":{"l":{"43":30,"57":149,"58":0,"61":149,"63":149,"64":149,"66":149,"77":3,"82":2,"91":1,"99":1,"111":1,"119":9,"120":9,"129":5,"130":4,"142":3,"143":2,"157":9,"158":6,"170":5,"171":5,"172":5,"184":6,"192":1,"193":1,"203":0,"204":0,"206":0},"path":"/Users/rodolfoferro/Documents/GitHub/watchers-rings-contract/contracts/WatchersRing.sol","s":{"1":149,"2":149,"3":149,"4":149,"5":3,"6":2,"7":1,"8":1,"9":9,"10":5,"11":4,"12":3,"13":2,"14":9,"15":6,"16":5,"17":5,"18":5,"19":1,"20":1,"21":0,"22":0},"b":{"1":[149,0],"2":[0,149],"3":[149,0],"4":[2,1],"5":[1,0],"6":[9,0],"7":[9,0],"8":[4,1],"9":[2,1],"10":[6,3],"11":[5,0],"12":[6,0],"13":[1,0],"14":[1,0],"15":[0,0],"16":[0,0]},"f":{"1":30,"2":149,"3":3,"4":1,"5":1,"6":1,"7":9,"8":5,"9":3,"10":9,"11":5,"12":6,"13":1,"14":0},"fnMap":{"1":{"name":"constructor","line":42,"loc":{"start":{"line":42,"column":4},"end":{"line":44,"column":4}}},"2":{"name":"mintTokenId","line":56,"loc":{"start":{"line":52,"column":4},"end":{"line":67,"column":4}}},"3":{"name":"tokenURI","line":74,"loc":{"start":{"line":74,"column":4},"end":{"line":83,"column":4}}},"4":{"name":"exists","line":90,"loc":{"start":{"line":90,"column":4},"end":{"line":92,"column":4}}},"5":{"name":"totalSupply","line":98,"loc":{"start":{"line":98,"column":4},"end":{"line":100,"column":4}}},"6":{"name":"setBaseURI","line":110,"loc":{"start":{"line":110,"column":4},"end":{"line":112,"column":4}}},"7":{"name":"setMinter","line":118,"loc":{"start":{"line":118,"column":4},"end":{"line":121,"column":4}}},"8":{"name":"approve","line":128,"loc":{"start":{"line":128,"column":4},"end":{"line":131,"column":4}}},"9":{"name":"setApprovalForAll","line":138,"loc":{"start":{"line":138,"column":4},"end":{"line":144,"column":4}}},"10":{"name":"isApprovedForAll","line":153,"loc":{"start":{"line":153,"column":4},"end":{"line":159,"column":4}}},"11":{"name":"getApproved","line":167,"loc":{"start":{"line":167,"column":4},"end":{"line":173,"column":4}}},"12":{"name":"setDeniedMarketplace","line":183,"loc":{"start":{"line":180,"column":4},"end":{"line":185,"column":4}}},"13":{"name":"withdrawAll","line":191,"loc":{"start":{"line":191,"column":4},"end":{"line":194,"column":4}}},"14":{"name":"forwardERC20s","line":202,"loc":{"start":{"line":202,"column":4},"end":{"line":207,"column":4}}}},"statementMap":{"1":{"start":{"line":57,"column":8},"end":{"line":57,"column":1925}},"2":{"start":{"line":61,"column":8},"end":{"line":61,"column":61}},"3":{"start":{"line":64,"column":8},"end":{"line":64,"column":58}},"4":{"start":{"line":66,"column":8},"end":{"line":66,"column":36}},"5":{"start":{"line":77,"column":8},"end":{"line":77,"column":2494}},"6":{"start":{"line":82,"column":8},"end":{"line":82,"column":73}},"7":{"start":{"line":91,"column":8},"end":{"line":91,"column":31}},"8":{"start":{"line":99,"column":8},"end":{"line":99,"column":24}},"9":{"start":{"line":119,"column":8},"end":{"line":119,"column":65}},"10":{"start":{"line":129,"column":8},"end":{"line":129,"column":63}},"11":{"start":{"line":130,"column":8},"end":{"line":130,"column":33}},"12":{"start":{"line":142,"column":8},"end":{"line":142,"column":69}},"13":{"start":{"line":143,"column":8},"end":{"line":143,"column":50}},"14":{"start":{"line":157,"column":8},"end":{"line":157,"column":69}},"15":{"start":{"line":158,"column":8},"end":{"line":158,"column":54}},"16":{"start":{"line":170,"column":8},"end":{"line":170,"column":49}},"17":{"start":{"line":171,"column":8},"end":{"line":171,"column":65}},"18":{"start":{"line":172,"column":8},"end":{"line":172,"column":19}},"19":{"start":{"line":192,"column":8},"end":{"line":192,"column":76}},"20":{"start":{"line":193,"column":8},"end":{"line":193,"column":54}},"21":{"start":{"line":203,"column":8},"end":{"line":203,"column":6673}},"22":{"start":{"line":206,"column":8},"end":{"line":206,"column":41}}},"branchMap":{"1":{"line":56,"type":"if","locations":[{"start":{"line":56,"column":22},"end":{"line":56,"column":22}},{"start":{"line":56,"column":22},"end":{"line":56,"column":22}}]},"2":{"line":57,"type":"if","locations":[{"start":{"line":57,"column":8},"end":{"line":57,"column":8}},{"start":{"line":57,"column":8},"end":{"line":57,"column":8}}]},"3":{"line":61,"type":"if","locations":[{"start":{"line":61,"column":8},"end":{"line":61,"column":8}},{"start":{"line":61,"column":8},"end":{"line":61,"column":8}}]},"4":{"line":77,"type":"if","locations":[{"start":{"line":77,"column":8},"end":{"line":77,"column":8}},{"start":{"line":77,"column":8},"end":{"line":77,"column":8}}]},"5":{"line":110,"type":"if","locations":[{"start":{"line":110,"column":59},"end":{"line":110,"column":59}},{"start":{"line":110,"column":59},"end":{"line":110,"column":59}}]},"6":{"line":118,"type":"if","locations":[{"start":{"line":118,"column":51},"end":{"line":118,"column":51}},{"start":{"line":118,"column":51},"end":{"line":118,"column":51}}]},"7":{"line":119,"type":"if","locations":[{"start":{"line":119,"column":8},"end":{"line":119,"column":8}},{"start":{"line":119,"column":8},"end":{"line":119,"column":8}}]},"8":{"line":129,"type":"if","locations":[{"start":{"line":129,"column":8},"end":{"line":129,"column":8}},{"start":{"line":129,"column":8},"end":{"line":129,"column":8}}]},"9":{"line":142,"type":"if","locations":[{"start":{"line":142,"column":8},"end":{"line":142,"column":8}},{"start":{"line":142,"column":8},"end":{"line":142,"column":8}}]},"10":{"line":157,"type":"if","locations":[{"start":{"line":157,"column":8},"end":{"line":157,"column":8}},{"start":{"line":157,"column":8},"end":{"line":157,"column":8}}]},"11":{"line":171,"type":"if","locations":[{"start":{"line":171,"column":8},"end":{"line":171,"column":8}},{"start":{"line":171,"column":8},"end":{"line":171,"column":8}}]},"12":{"line":183,"type":"if","locations":[{"start":{"line":183,"column":13},"end":{"line":183,"column":13}},{"start":{"line":183,"column":13},"end":{"line":183,"column":13}}]},"13":{"line":191,"type":"if","locations":[{"start":{"line":191,"column":44},"end":{"line":191,"column":44}},{"start":{"line":191,"column":44},"end":{"line":191,"column":44}}]},"14":{"line":193,"type":"if","locations":[{"start":{"line":193,"column":8},"end":{"line":193,"column":8}},{"start":{"line":193,"column":8},"end":{"line":193,"column":8}}]},"15":{"line":202,"type":"if","locations":[{"start":{"line":202,"column":66},"end":{"line":202,"column":66}},{"start":{"line":202,"column":66},"end":{"line":202,"column":66}}]},"16":{"line":203,"type":"if","locations":[{"start":{"line":203,"column":8},"end":{"line":203,"column":8}},{"start":{"line":203,"column":8},"end":{"line":203,"column":8}}]}}},"contracts/WatchersRingMinter.sol":{"l":{"85":27,"86":27,"94":19,"102":5,"110":16,"118":2,"126":1,"134":143,"136":143,"137":143,"141":143,"142":143,"144":143,"145":570,"146":570,"147":570,"148":121,"149":121,"153":143,"163":1,"171":22,"172":22,"181":22,"194":1,"196":1,"197":1,"198":1,"199":1,"200":1,"201":1,"202":1,"203":1,"205":1,"213":17,"215":17,"216":17,"217":17,"218":17,"219":17,"220":17,"221":17,"222":17,"224":17,"232":1,"240":9,"248":14,"249":1,"254":13,"255":1,"257":12,"265":1,"266":1,"280":7,"282":7,"283":1,"286":6,"287":5,"290":5,"292":5,"293":1,"294":1,"297":5,"298":3,"313":6,"314":1,"319":5,"320":0,"323":5,"327":5,"333":3,"335":3,"339":2,"340":2,"354":3,"355":0,"362":3,"366":3,"371":3,"373":3,"377":3,"378":3,"390":14,"391":0,"393":14,"397":12,"407":16,"412":16,"413":143,"416":143,"419":143,"420":143,"422":143,"436":3,"440":3,"441":6,"442":6,"444":6,"456":149,"465":149,"467":149,"468":149,"470":149,"483":7,"493":7,"503":7,"511":2,"519":2,"527":4,"537":27,"547":27,"556":1,"557":0,"559":1,"570":1,"571":0,"576":1,"577":0,"579":1,"587":2,"588":0,"590":2,"598":6,"599":0,"601":6,"611":3,"613":3,"614":18,"617":3,"618":2,"624":1,"625":0,"631":1,"632":0,"635":1,"643":1,"644":1,"651":1,"652":1,"661":0,"662":0,"664":0},"path":"/Users/rodolfoferro/Documents/GitHub/watchers-rings-contract/contracts/WatchersRingMinter.sol","s":{"1":27,"2":27,"3":19,"4":5,"5":16,"6":2,"7":1,"8":143,"9":143,"10":143,"11":143,"12":143,"13":570,"14":143,"15":1,"16":22,"17":22,"18":1,"19":1,"20":17,"21":17,"22":1,"23":9,"24":14,"25":13,"26":12,"27":1,"28":7,"29":7,"30":6,"31":5,"32":5,"33":5,"34":1,"35":5,"36":3,"37":6,"38":5,"39":5,"40":5,"41":3,"42":3,"43":2,"44":3,"45":3,"46":3,"47":3,"48":3,"49":3,"50":14,"51":14,"52":12,"53":16,"54":16,"55":143,"56":143,"57":143,"58":143,"59":3,"60":3,"61":6,"62":6,"63":149,"64":149,"65":149,"66":149,"67":149,"68":1,"69":1,"70":1,"71":2,"72":6,"73":3,"74":3,"75":3,"76":1,"77":1,"78":1,"79":1,"80":1,"81":1,"82":0,"83":0},"b":{"1":[121,449],"2":[9,0],"3":[1,13],"4":[1,12],"5":[0,1],"6":[1,6],"7":[5,1],"8":[1,4],"9":[3,2],"10":[6,0],"11":[1,5],"12":[0,5],"13":[0,0],"14":[3,2],"15":[2,1],"16":[2,1],"17":[3,0],"18":[0,3],"19":[3,0],"20":[3,0],"21":[0,14],"22":[12,2],"23":[16,0],"24":[3,0],"25":[3,0],"26":[149,0],"27":[149,0],"28":[7,0],"29":[7,0],"30":[7,0],"31":[2,0],"32":[2,0],"33":[4,0],"34":[27,0],"35":[27,0],"36":[1,0],"37":[0,1],"38":[1,0],"39":[0,1],"40":[0,1],"41":[2,0],"42":[0,2],"43":[6,0],"44":[0,6],"45":[3,0],"46":[2,1],"47":[0,1],"48":[0,1],"49":[1,0],"50":[1,0],"51":[1,0],"52":[1,0],"53":[0,0],"54":[0,0]},"f":{"1":27,"2":19,"3":5,"4":16,"5":2,"6":1,"7":143,"8":1,"9":22,"10":1,"11":17,"12":1,"13":9,"14":14,"15":1,"16":7,"17":6,"18":3,"19":14,"20":16,"21":3,"22":149,"23":7,"24":7,"25":7,"26":2,"27":2,"28":4,"29":27,"30":27,"31":1,"32":1,"33":2,"34":6,"35":3,"36":1,"37":1,"38":0},"fnMap":{"1":{"name":"constructor","line":84,"loc":{"start":{"line":84,"column":4},"end":{"line":87,"column":4}}},"2":{"name":"mintlistStarted","line":93,"loc":{"start":{"line":93,"column":4},"end":{"line":95,"column":4}}},"3":{"name":"claimsStarted","line":101,"loc":{"start":{"line":101,"column":4},"end":{"line":103,"column":4}}},"4":{"name":"publicStarted","line":109,"loc":{"start":{"line":109,"column":4},"end":{"line":111,"column":4}}},"5":{"name":"getInitialRings","line":117,"loc":{"start":{"line":117,"column":4},"end":{"line":119,"column":4}}},"6":{"name":"getRingPrice","line":125,"loc":{"start":{"line":125,"column":4},"end":{"line":127,"column":4}}},"7":{"name":"generateRing","line":133,"loc":{"start":{"line":133,"column":4},"end":{"line":154,"column":4}}},"8":{"name":"getTokenIdRingType","line":160,"loc":{"start":{"line":160,"column":4},"end":{"line":164,"column":4}}},"9":{"name":"getTotalMintedRings","line":170,"loc":{"start":{"line":170,"column":4},"end":{"line":182,"column":4}}},"10":{"name":"getTotalMintedRingsByType","line":189,"loc":{"start":{"line":189,"column":4},"end":{"line":206,"column":4}}},"11":{"name":"getAvailableRings","line":212,"loc":{"start":{"line":212,"column":4},"end":{"line":225,"column":4}}},"12":{"name":"getProbabilities","line":231,"loc":{"start":{"line":231,"column":4},"end":{"line":233,"column":4}}},"13":{"name":"mint","line":239,"loc":{"start":{"line":239,"column":4},"end":{"line":241,"column":4}}},"14":{"name":"privateMint","line":247,"loc":{"start":{"line":247,"column":4},"end":{"line":258,"column":4}}},"15":{"name":"freeMint","line":264,"loc":{"start":{"line":264,"column":4},"end":{"line":267,"column":4}}},"16":{"name":"mintWithClaim","line":275,"loc":{"start":{"line":275,"column":4},"end":{"line":300,"column":4}}},"17":{"name":"mintlistMint","line":312,"loc":{"start":{"line":308,"column":4},"end":{"line":341,"column":4}}},"18":{"name":"claimlistMint","line":353,"loc":{"start":{"line":349,"column":4},"end":{"line":379,"column":4}}},"19":{"name":"_mintTokensCheckingValue","line":386,"loc":{"start":{"line":386,"column":4},"end":{"line":398,"column":4}}},"20":{"name":"_mintTokens","line":406,"loc":{"start":{"line":406,"column":4},"end":{"line":424,"column":4}}},"21":{"name":"ownerMint","line":435,"loc":{"start":{"line":432,"column":4},"end":{"line":446,"column":4}}},"22":{"name":"ownerGetNextTokenId","line":453,"loc":{"start":{"line":453,"column":4},"end":{"line":471,"column":4}}},"23":{"name":"setPublicMintStartTime","line":482,"loc":{"start":{"line":480,"column":4},"end":{"line":484,"column":4}}},"24":{"name":"setMintlistStartTime","line":492,"loc":{"start":{"line":490,"column":4},"end":{"line":494,"column":4}}},"25":{"name":"setClaimsStartTime","line":502,"loc":{"start":{"line":500,"column":4},"end":{"line":504,"column":4}}},"26":{"name":"setMintlistMerkleRoot1","line":510,"loc":{"start":{"line":510,"column":4},"end":{"line":512,"column":4}}},"27":{"name":"setMintlistMerkleRoot2","line":518,"loc":{"start":{"line":518,"column":4},"end":{"line":520,"column":4}}},"28":{"name":"setClaimlistMerkleRoot","line":526,"loc":{"start":{"line":526,"column":4},"end":{"line":528,"column":4}}},"29":{"name":"setWatchersRing","line":536,"loc":{"start":{"line":534,"column":4},"end":{"line":538,"column":4}}},"30":{"name":"setVaultAddress","line":546,"loc":{"start":{"line":544,"column":4},"end":{"line":548,"column":4}}},"31":{"name":"setGlobalIdOffset","line":555,"loc":{"start":{"line":555,"column":4},"end":{"line":560,"column":4}}},"32":{"name":"setLocalIdOffsets","line":569,"loc":{"start":{"line":567,"column":4},"end":{"line":580,"column":4}}},"33":{"name":"setRingsAvailable","line":586,"loc":{"start":{"line":586,"column":4},"end":{"line":591,"column":4}}},"34":{"name":"setPrice","line":597,"loc":{"start":{"line":597,"column":4},"end":{"line":602,"column":4}}},"35":{"name":"setProbabilities","line":610,"loc":{"start":{"line":608,"column":4},"end":{"line":636,"column":4}}},"36":{"name":"withdraw","line":642,"loc":{"start":{"line":642,"column":4},"end":{"line":645,"column":4}}},"37":{"name":"withdrawAll","line":650,"loc":{"start":{"line":650,"column":4},"end":{"line":653,"column":4}}},"38":{"name":"forwardERC20s","line":660,"loc":{"start":{"line":660,"column":4},"end":{"line":665,"column":4}}}},"statementMap":{"1":{"start":{"line":85,"column":8},"end":{"line":85,"column":37}},"2":{"start":{"line":86,"column":8},"end":{"line":86,"column":43}},"3":{"start":{"line":94,"column":8},"end":{"line":94,"column":51}},"4":{"start":{"line":102,"column":8},"end":{"line":102,"column":49}},"5":{"start":{"line":110,"column":8},"end":{"line":110,"column":53}},"6":{"start":{"line":118,"column":8},"end":{"line":118,"column":29}},"7":{"start":{"line":126,"column":8},"end":{"line":126,"column":24}},"8":{"start":{"line":134,"column":8},"end":{"line":134,"column":28}},"9":{"start":{"line":137,"column":8},"end":{"line":137,"column":4243}},"10":{"start":{"line":141,"column":8},"end":{"line":141,"column":30}},"11":{"start":{"line":142,"column":8},"end":{"line":142,"column":57}},"12":{"start":{"line":144,"column":8},"end":{"line":144,"column":4464}},"13":{"start":{"line":147,"column":12},"end":{"line":147,"column":4638}},"14":{"start":{"line":153,"column":8},"end":{"line":153,"column":23}},"15":{"start":{"line":163,"column":8},"end":{"line":163,"column":28}},"16":{"start":{"line":171,"column":8},"end":{"line":171,"column":32}},"17":{"start":{"line":181,"column":8},"end":{"line":181,"column":31}},"18":{"start":{"line":194,"column":8},"end":{"line":194,"column":61}},"19":{"start":{"line":205,"column":8},"end":{"line":205,"column":32}},"20":{"start":{"line":213,"column":8},"end":{"line":213,"column":42}},"21":{"start":{"line":224,"column":8},"end":{"line":224,"column":24}},"22":{"start":{"line":232,"column":8},"end":{"line":232,"column":40}},"23":{"start":{"line":240,"column":8},"end":{"line":240,"column":28}},"24":{"start":{"line":248,"column":8},"end":{"line":248,"column":7616}},"25":{"start":{"line":254,"column":8},"end":{"line":254,"column":7812}},"26":{"start":{"line":257,"column":8},"end":{"line":257,"column":53}},"27":{"start":{"line":266,"column":8},"end":{"line":266,"column":40}},"28":{"start":{"line":280,"column":8},"end":{"line":280,"column":60}},"29":{"start":{"line":282,"column":8},"end":{"line":282,"column":8711}},"30":{"start":{"line":286,"column":8},"end":{"line":286,"column":8819}},"31":{"start":{"line":287,"column":12},"end":{"line":287,"column":34}},"32":{"start":{"line":290,"column":8},"end":{"line":290,"column":51}},"33":{"start":{"line":292,"column":8},"end":{"line":292,"column":8951}},"34":{"start":{"line":293,"column":12},"end":{"line":293,"column":22}},"35":{"start":{"line":297,"column":8},"end":{"line":297,"column":9045}},"36":{"start":{"line":298,"column":12},"end":{"line":298,"column":57}},"37":{"start":{"line":313,"column":8},"end":{"line":313,"column":9601}},"38":{"start":{"line":319,"column":8},"end":{"line":319,"column":9797}},"39":{"start":{"line":323,"column":8},"end":{"line":323,"column":9927}},"40":{"start":{"line":327,"column":8},"end":{"line":327,"column":10036}},"41":{"start":{"line":333,"column":8},"end":{"line":333,"column":61}},"42":{"start":{"line":335,"column":8},"end":{"line":335,"column":10312}},"43":{"start":{"line":340,"column":8},"end":{"line":340,"column":53}},"44":{"start":{"line":354,"column":8},"end":{"line":354,"column":11049}},"45":{"start":{"line":362,"column":8},"end":{"line":362,"column":11271}},"46":{"start":{"line":366,"column":8},"end":{"line":366,"column":11380}},"47":{"start":{"line":371,"column":8},"end":{"line":371,"column":62}},"48":{"start":{"line":373,"column":8},"end":{"line":373,"column":11577}},"49":{"start":{"line":378,"column":8},"end":{"line":378,"column":40}},"50":{"start":{"line":390,"column":8},"end":{"line":390,"column":12174}},"51":{"start":{"line":393,"column":8},"end":{"line":393,"column":12256}},"52":{"start":{"line":397,"column":8},"end":{"line":397,"column":39}},"53":{"start":{"line":407,"column":8},"end":{"line":407,"column":12748}},"54":{"start":{"line":412,"column":8},"end":{"line":412,"column":12901}},"55":{"start":{"line":413,"column":12},"end":{"line":413,"column":45}},"56":{"start":{"line":416,"column":12},"end":{"line":416,"column":13102}},"57":{"start":{"line":419,"column":12},"end":{"line":419,"column":63}},"58":{"start":{"line":422,"column":12},"end":{"line":422,"column":69}},"59":{"start":{"line":436,"column":8},"end":{"line":436,"column":13821}},"60":{"start":{"line":440,"column":8},"end":{"line":440,"column":13948}},"61":{"start":{"line":441,"column":12},"end":{"line":441,"column":63}},"62":{"start":{"line":444,"column":12},"end":{"line":444,"column":73}},"63":{"start":{"line":456,"column":8},"end":{"line":456,"column":14537}},"64":{"start":{"line":465,"column":8},"end":{"line":465,"column":14841}},"65":{"start":{"line":467,"column":8},"end":{"line":467,"column":67}},"66":{"start":{"line":468,"column":8},"end":{"line":468,"column":64}},"67":{"start":{"line":470,"column":8},"end":{"line":470,"column":78}},"68":{"start":{"line":556,"column":8},"end":{"line":556,"column":17684}},"69":{"start":{"line":570,"column":8},"end":{"line":570,"column":18169}},"70":{"start":{"line":576,"column":8},"end":{"line":576,"column":18378}},"71":{"start":{"line":587,"column":8},"end":{"line":587,"column":18742}},"72":{"start":{"line":598,"column":8},"end":{"line":598,"column":19070}},"73":{"start":{"line":611,"column":8},"end":{"line":611,"column":38}},"74":{"start":{"line":613,"column":8},"end":{"line":613,"column":19489}},"75":{"start":{"line":617,"column":8},"end":{"line":617,"column":19621}},"76":{"start":{"line":624,"column":8},"end":{"line":624,"column":19811}},"77":{"start":{"line":631,"column":8},"end":{"line":631,"column":20009}},"78":{"start":{"line":643,"column":8},"end":{"line":643,"column":57}},"79":{"start":{"line":644,"column":8},"end":{"line":644,"column":54}},"80":{"start":{"line":651,"column":8},"end":{"line":651,"column":71}},"81":{"start":{"line":652,"column":8},"end":{"line":652,"column":58}},"82":{"start":{"line":661,"column":8},"end":{"line":661,"column":20985}},"83":{"start":{"line":664,"column":8},"end":{"line":664,"column":43}}},"branchMap":{"1":{"line":147,"type":"if","locations":[{"start":{"line":147,"column":12},"end":{"line":147,"column":12}},{"start":{"line":147,"column":12},"end":{"line":147,"column":12}}]},"2":{"line":239,"type":"if","locations":[{"start":{"line":239,"column":53},"end":{"line":239,"column":53}},{"start":{"line":239,"column":53},"end":{"line":239,"column":53}}]},"3":{"line":248,"type":"if","locations":[{"start":{"line":248,"column":8},"end":{"line":248,"column":8}},{"start":{"line":248,"column":8},"end":{"line":248,"column":8}}]},"4":{"line":254,"type":"if","locations":[{"start":{"line":254,"column":8},"end":{"line":254,"column":8}},{"start":{"line":254,"column":8},"end":{"line":254,"column":8}}]},"5":{"line":254,"type":"cond-expr","locations":[{"start":{"line":254,"column":12},"end":{"line":254,"column":24}},{"start":{"line":254,"column":29},"end":{"line":254,"column":41}}]},"6":{"line":282,"type":"if","locations":[{"start":{"line":282,"column":8},"end":{"line":282,"column":8}},{"start":{"line":282,"column":8},"end":{"line":282,"column":8}}]},"7":{"line":286,"type":"if","locations":[{"start":{"line":286,"column":8},"end":{"line":286,"column":8}},{"start":{"line":286,"column":8},"end":{"line":286,"column":8}}]},"8":{"line":292,"type":"if","locations":[{"start":{"line":292,"column":8},"end":{"line":292,"column":8}},{"start":{"line":292,"column":8},"end":{"line":292,"column":8}}]},"9":{"line":297,"type":"if","locations":[{"start":{"line":297,"column":8},"end":{"line":297,"column":8}},{"start":{"line":297,"column":8},"end":{"line":297,"column":8}}]},"10":{"line":312,"type":"if","locations":[{"start":{"line":312,"column":23},"end":{"line":312,"column":23}},{"start":{"line":312,"column":23},"end":{"line":312,"column":23}}]},"11":{"line":313,"type":"if","locations":[{"start":{"line":313,"column":8},"end":{"line":313,"column":8}},{"start":{"line":313,"column":8},"end":{"line":313,"column":8}}]},"12":{"line":319,"type":"if","locations":[{"start":{"line":319,"column":8},"end":{"line":319,"column":8}},{"start":{"line":319,"column":8},"end":{"line":319,"column":8}}]},"13":{"line":319,"type":"cond-expr","locations":[{"start":{"line":319,"column":12},"end":{"line":319,"column":24}},{"start":{"line":319,"column":29},"end":{"line":319,"column":41}}]},"14":{"line":327,"type":"if","locations":[{"start":{"line":327,"column":8},"end":{"line":327,"column":8}},{"start":{"line":327,"column":8},"end":{"line":327,"column":8}}]},"15":{"line":328,"type":"cond-expr","locations":[{"start":{"line":328,"column":12},"end":{"line":328,"column":71}},{"start":{"line":329,"column":16},"end":{"line":329,"column":75}}]},"16":{"line":335,"type":"if","locations":[{"start":{"line":335,"column":8},"end":{"line":335,"column":8}},{"start":{"line":335,"column":8},"end":{"line":335,"column":8}}]},"17":{"line":353,"type":"if","locations":[{"start":{"line":353,"column":14},"end":{"line":353,"column":14}},{"start":{"line":353,"column":14},"end":{"line":353,"column":14}}]},"18":{"line":354,"type":"if","locations":[{"start":{"line":354,"column":8},"end":{"line":354,"column":8}},{"start":{"line":354,"column":8},"end":{"line":354,"column":8}}]},"19":{"line":366,"type":"if","locations":[{"start":{"line":366,"column":8},"end":{"line":366,"column":8}},{"start":{"line":366,"column":8},"end":{"line":366,"column":8}}]},"20":{"line":373,"type":"if","locations":[{"start":{"line":373,"column":8},"end":{"line":373,"column":8}},{"start":{"line":373,"column":8},"end":{"line":373,"column":8}}]},"21":{"line":390,"type":"if","locations":[{"start":{"line":390,"column":8},"end":{"line":390,"column":8}},{"start":{"line":390,"column":8},"end":{"line":390,"column":8}}]},"22":{"line":393,"type":"if","locations":[{"start":{"line":393,"column":8},"end":{"line":393,"column":8}},{"start":{"line":393,"column":8},"end":{"line":393,"column":8}}]},"23":{"line":407,"type":"if","locations":[{"start":{"line":407,"column":8},"end":{"line":407,"column":8}},{"start":{"line":407,"column":8},"end":{"line":407,"column":8}}]},"24":{"line":435,"type":"if","locations":[{"start":{"line":435,"column":15},"end":{"line":435,"column":15}},{"start":{"line":435,"column":15},"end":{"line":435,"column":15}}]},"25":{"line":436,"type":"if","locations":[{"start":{"line":436,"column":8},"end":{"line":436,"column":8}},{"start":{"line":436,"column":8},"end":{"line":436,"column":8}}]},"26":{"line":467,"type":"if","locations":[{"start":{"line":467,"column":8},"end":{"line":467,"column":8}},{"start":{"line":467,"column":8},"end":{"line":467,"column":8}}]},"27":{"line":468,"type":"if","locations":[{"start":{"line":468,"column":8},"end":{"line":468,"column":8}},{"start":{"line":468,"column":8},"end":{"line":468,"column":8}}]},"28":{"line":482,"type":"if","locations":[{"start":{"line":482,"column":15},"end":{"line":482,"column":15}},{"start":{"line":482,"column":15},"end":{"line":482,"column":15}}]},"29":{"line":492,"type":"if","locations":[{"start":{"line":492,"column":15},"end":{"line":492,"column":15}},{"start":{"line":492,"column":15},"end":{"line":492,"column":15}}]},"30":{"line":502,"type":"if","locations":[{"start":{"line":502,"column":15},"end":{"line":502,"column":15}},{"start":{"line":502,"column":15},"end":{"line":502,"column":15}}]},"31":{"line":510,"type":"if","locations":[{"start":{"line":510,"column":68},"end":{"line":510,"column":68}},{"start":{"line":510,"column":68},"end":{"line":510,"column":68}}]},"32":{"line":518,"type":"if","locations":[{"start":{"line":518,"column":68},"end":{"line":518,"column":68}},{"start":{"line":518,"column":68},"end":{"line":518,"column":68}}]},"33":{"line":526,"type":"if","locations":[{"start":{"line":526,"column":68},"end":{"line":526,"column":68}},{"start":{"line":526,"column":68},"end":{"line":526,"column":68}}]},"34":{"line":536,"type":"if","locations":[{"start":{"line":536,"column":13},"end":{"line":536,"column":13}},{"start":{"line":536,"column":13},"end":{"line":536,"column":13}}]},"35":{"line":546,"type":"if","locations":[{"start":{"line":546,"column":13},"end":{"line":546,"column":13}},{"start":{"line":546,"column":13},"end":{"line":546,"column":13}}]},"36":{"line":555,"type":"if","locations":[{"start":{"line":555,"column":68},"end":{"line":555,"column":68}},{"start":{"line":555,"column":68},"end":{"line":555,"column":68}}]},"37":{"line":556,"type":"if","locations":[{"start":{"line":556,"column":8},"end":{"line":556,"column":8}},{"start":{"line":556,"column":8},"end":{"line":556,"column":8}}]},"38":{"line":569,"type":"if","locations":[{"start":{"line":569,"column":15},"end":{"line":569,"column":15}},{"start":{"line":569,"column":15},"end":{"line":569,"column":15}}]},"39":{"line":570,"type":"if","locations":[{"start":{"line":570,"column":8},"end":{"line":570,"column":8}},{"start":{"line":570,"column":8},"end":{"line":570,"column":8}}]},"40":{"line":576,"type":"if","locations":[{"start":{"line":576,"column":8},"end":{"line":576,"column":8}},{"start":{"line":576,"column":8},"end":{"line":576,"column":8}}]},"41":{"line":586,"type":"if","locations":[{"start":{"line":586,"column":68},"end":{"line":586,"column":68}},{"start":{"line":586,"column":68},"end":{"line":586,"column":68}}]},"42":{"line":587,"type":"if","locations":[{"start":{"line":587,"column":8},"end":{"line":587,"column":8}},{"start":{"line":587,"column":8},"end":{"line":587,"column":8}}]},"43":{"line":597,"type":"if","locations":[{"start":{"line":597,"column":50},"end":{"line":597,"column":50}},{"start":{"line":597,"column":50},"end":{"line":597,"column":50}}]},"44":{"line":598,"type":"if","locations":[{"start":{"line":598,"column":8},"end":{"line":598,"column":8}},{"start":{"line":598,"column":8},"end":{"line":598,"column":8}}]},"45":{"line":610,"type":"if","locations":[{"start":{"line":610,"column":15},"end":{"line":610,"column":15}},{"start":{"line":610,"column":15},"end":{"line":610,"column":15}}]},"46":{"line":617,"type":"if","locations":[{"start":{"line":617,"column":8},"end":{"line":617,"column":8}},{"start":{"line":617,"column":8},"end":{"line":617,"column":8}}]},"47":{"line":624,"type":"if","locations":[{"start":{"line":624,"column":8},"end":{"line":624,"column":8}},{"start":{"line":624,"column":8},"end":{"line":624,"column":8}}]},"48":{"line":631,"type":"if","locations":[{"start":{"line":631,"column":8},"end":{"line":631,"column":8}},{"start":{"line":631,"column":8},"end":{"line":631,"column":8}}]},"49":{"line":642,"type":"if","locations":[{"start":{"line":642,"column":48},"end":{"line":642,"column":48}},{"start":{"line":642,"column":48},"end":{"line":642,"column":48}}]},"50":{"line":644,"type":"if","locations":[{"start":{"line":644,"column":8},"end":{"line":644,"column":8}},{"start":{"line":644,"column":8},"end":{"line":644,"column":8}}]},"51":{"line":650,"type":"if","locations":[{"start":{"line":650,"column":36},"end":{"line":650,"column":36}},{"start":{"line":650,"column":36},"end":{"line":650,"column":36}}]},"52":{"line":652,"type":"if","locations":[{"start":{"line":652,"column":8},"end":{"line":652,"column":8}},{"start":{"line":652,"column":8},"end":{"line":652,"column":8}}]},"53":{"line":660,"type":"if","locations":[{"start":{"line":660,"column":68},"end":{"line":660,"column":68}},{"start":{"line":660,"column":68},"end":{"line":660,"column":68}}]},"54":{"line":661,"type":"if","locations":[{"start":{"line":661,"column":8},"end":{"line":661,"column":8}},{"start":{"line":661,"column":8},"end":{"line":661,"column":8}}]}}}}