{
"contracts/ERC721Common.sol":{"l":{"25":0,"29":0,"42":0,"57":0,"76":116,"98":0,"99":0,"101":0,"102":0},"path":"/Users/rodolfoferro/Documents/GitHub/watchers-rings-contract/contracts/ERC721Common.sol","s":{"1":0,"2":0,"3":0,"4":0,"5":116,"6":0,"7":0},"b":{"1":[0,0],"2":[0,0],"3":[0,0],"4":[0,0],"5":[0,0]},"f":{"1":33,"2":0,"3":0,"4":0,"5":116,"6":0},"fnMap":{"1":{"name":"constructor","line":19,"loc":{"start":{"line":15,"column":4},"end":{"line":19,"column":76}}},"2":{"name":"stateOf","line":22,"loc":{"start":{"line":22,"column":4},"end":{"line":30,"column":4}}},"3":{"name":"_baseURI","line":35,"loc":{"start":{"line":35,"column":4},"end":{"line":43,"column":4}}},"4":{"name":"supportsInterface","line":48,"loc":{"start":{"line":48,"column":4},"end":{"line":61,"column":4}}},"5":{"name":"_beforeTokenTransfer","line":66,"loc":{"start":{"line":66,"column":4},"end":{"line":77,"column":4}}},"6":{"name":"bulkMint","line":95,"loc":{"start":{"line":90,"column":4},"end":{"line":104,"column":4}}}},"statementMap":{"1":{"start":{"line":25,"column":8},"end":{"line":25,"column":720}},"2":{"start":{"line":29,"column":8},"end":{"line":29,"column":78}},"3":{"start":{"line":42,"column":8},"end":{"line":42,"column":31}},"4":{"start":{"line":57,"column":8},"end":{"line":57,"column":1505}},"5":{"start":{"line":76,"column":8},"end":{"line":76,"column":72}},"6":{"start":{"line":98,"column":8},"end":{"line":98,"column":77}},"7":{"start":{"line":101,"column":8},"end":{"line":101,"column":2794}}},"branchMap":{"1":{"line":25,"type":"if","locations":[{"start":{"line":25,"column":8},"end":{"line":25,"column":8}},{"start":{"line":25,"column":8},"end":{"line":25,"column":8}}]},"2":{"line":58,"type":"cond-expr","locations":[{"start":{"line":58,"column":12},"end":{"line":58,"column":57}},{"start":{"line":59,"column":12},"end":{"line":59,"column":56}}]},"3":{"line":58,"type":"cond-expr","locations":[{"start":{"line":58,"column":12},"end":{"line":59,"column":56}},{"start":{"line":60,"column":12},"end":{"line":60,"column":47}}]},"4":{"line":95,"type":"if","locations":[{"start":{"line":95,"column":8},"end":{"line":95,"column":8}},{"start":{"line":95,"column":8},"end":{"line":95,"column":8}}]},"5":{"line":98,"type":"if","locations":[{"start":{"line":98,"column":8},"end":{"line":98,"column":8}},{"start":{"line":98,"column":8},"end":{"line":98,"column":8}}]}}},
"contracts/ERC721PresetMinterPauserAutoIdCustomized.sol":{"l":{"46":33,"48":33,"49":33,"50":33,"53":33,"59":0,"63":0,"78":0,"82":0,"95":0,"99":0,"112":0,"116":0,"125":116,"140":0,"155":0,"156":0,"157":0},"path":"/Users/rodolfoferro/Documents/GitHub/watchers-rings-contract/contracts/ERC721PresetMinterPauserAutoIdCustomized.sol","s":{"1":33,"2":33,"3":33,"4":33,"5":0,"6":0,"7":0,"8":0,"9":0,"10":0,"11":0,"12":116,"13":0,"14":0,"15":0},"b":{"1":[0,0],"2":[0,0],"3":[0,0],"4":[0,0],"5":[0,0]},"f":{"1":33,"2":0,"3":0,"4":0,"5":0,"6":0,"7":116,"8":0,"9":0},"fnMap":{"1":{"name":"constructor","line":45,"loc":{"start":{"line":41,"column":4},"end":{"line":54,"column":4}}},"2":{"name":"setBaseURI","line":58,"loc":{"start":{"line":56,"column":4},"end":{"line":60,"column":4}}},"3":{"name":"_baseURI","line":62,"loc":{"start":{"line":62,"column":4},"end":{"line":64,"column":4}}},"4":{"name":"mint","line":77,"loc":{"start":{"line":77,"column":4},"end":{"line":83,"column":4}}},"5":{"name":"pause","line":94,"loc":{"start":{"line":94,"column":4},"end":{"line":100,"column":4}}},"6":{"name":"unpause","line":111,"loc":{"start":{"line":111,"column":4},"end":{"line":117,"column":4}}},"7":{"name":"_beforeTokenTransfer","line":119,"loc":{"start":{"line":119,"column":4},"end":{"line":126,"column":4}}},"8":{"name":"supportsInterface","line":131,"loc":{"start":{"line":131,"column":4},"end":{"line":144,"column":4}}},"9":{"name":"_mintFor","line":152,"loc":{"start":{"line":152,"column":4},"end":{"line":158,"column":4}}}},"statementMap":{"1":{"start":{"line":48,"column":8},"end":{"line":48,"column":51}},"2":{"start":{"line":49,"column":8},"end":{"line":49,"column":44}},"3":{"start":{"line":50,"column":8},"end":{"line":50,"column":44}},"4":{"start":{"line":53,"column":8},"end":{"line":53,"column":34}},"5":{"start":{"line":63,"column":8},"end":{"line":63,"column":28}},"6":{"start":{"line":78,"column":8},"end":{"line":78,"column":2676}},"7":{"start":{"line":82,"column":8},"end":{"line":82,"column":27}},"8":{"start":{"line":95,"column":8},"end":{"line":95,"column":3100}},"9":{"start":{"line":99,"column":8},"end":{"line":99,"column":15}},"10":{"start":{"line":112,"column":8},"end":{"line":112,"column":3520}},"11":{"start":{"line":116,"column":8},"end":{"line":116,"column":17}},"12":{"start":{"line":125,"column":8},"end":{"line":125,"column":68}},"13":{"start":{"line":140,"column":8},"end":{"line":140,"column":4296}},"14":{"start":{"line":156,"column":8},"end":{"line":156,"column":26}},"15":{"start":{"line":157,"column":8},"end":{"line":157,"column":34}}},"branchMap":{"1":{"line":58,"type":"if","locations":[{"start":{"line":58,"column":15},"end":{"line":58,"column":15}},{"start":{"line":58,"column":15},"end":{"line":58,"column":15}}]},"2":{"line":78,"type":"if","locations":[{"start":{"line":78,"column":8},"end":{"line":78,"column":8}},{"start":{"line":78,"column":8},"end":{"line":78,"column":8}}]},"3":{"line":95,"type":"if","locations":[{"start":{"line":95,"column":8},"end":{"line":95,"column":8}},{"start":{"line":95,"column":8},"end":{"line":95,"column":8}}]},"4":{"line":112,"type":"if","locations":[{"start":{"line":112,"column":8},"end":{"line":112,"column":8}},{"start":{"line":112,"column":8},"end":{"line":112,"column":8}}]},"5":{"line":141,"type":"cond-expr","locations":[{"start":{"line":141,"column":12},"end":{"line":142,"column":70}},{"start":{"line":143,"column":12},"end":{"line":143,"column":47}}]}}},
"contracts/interfaces/IERC721Common.sol":{"l":{},"path":"/Users/rodolfoferro/Documents/GitHub/watchers-rings-contract/contracts/interfaces/IERC721Common.sol","s":{},"b":{},"f":{},"fnMap":{},"statementMap":{},"branchMap":{}},
"contracts/interfaces/IERC721PresetMinterPauserAutoIdCustomized.sol":{"l":{},"path":"/Users/rodolfoferro/Documents/GitHub/watchers-rings-contract/contracts/interfaces/IERC721PresetMinterPauserAutoIdCustomized.sol","s":{},"b":{},"f":{},"fnMap":{},"statementMap":{},"branchMap":{}},
"contracts/interfaces/IERC721State.sol":{"l":{},"path":"/Users/rodolfoferro/Documents/GitHub/watchers-rings-contract/contracts/interfaces/IERC721State.sol","s":{},"b":{},"f":{},"fnMap":{},"statementMap":{},"branchMap":{}},
"contracts/interfaces/launchpad/INFTLaunchpad.sol":{"l":{},"path":"/Users/rodolfoferro/Documents/GitHub/watchers-rings-contract/contracts/interfaces/launchpad/INFTLaunchpad.sol","s":{},"b":{},"f":{},"fnMap":{},"statementMap":{},"branchMap":{}},
"contracts/IWatchersRing.sol":{"l":{},"path":"/Users/rodolfoferro/Documents/GitHub/watchers-rings-contract/contracts/IWatchersRing.sol","s":{},"b":{},"f":{},"fnMap":{},"statementMap":{},"branchMap":{}},
"contracts/refs/ERC721Nonce.sol":{"l":{"32":116,"37":116,"39":116},"path":"/Users/rodolfoferro/Documents/GitHub/watchers-rings-contract/contracts/refs/ERC721Nonce.sol","s":{"1":116,"2":116,"3":116},"b":{},"f":{"1":116},"fnMap":{"1":{"name":"_beforeTokenTransfer","line":26,"loc":{"start":{"line":26,"column":4},"end":{"line":40,"column":4}}}},"statementMap":{"1":{"start":{"line":32,"column":8},"end":{"line":32,"column":982}},"2":{"start":{"line":37,"column":12},"end":{"line":37,"column":59}},"3":{"start":{"line":39,"column":8},"end":{"line":39,"column":72}}},"branchMap":{}},
"contracts/WatchersRing.sol":{"l":{"47":33,"48":33,"55":1,"56":1,"64":1,"65":1,"79":116,"89":0,"100":2,"101":2,"103":2,"104":102,"107":2,"121":113,"122":0,"125":113,"127":112,"129":112,"130":112,"132":112,"143":3,"148":2,"157":1,"170":1,"178":0,"190":1,"191":1,"199":10,"200":10,"212":5,"213":4,"225":3,"226":2,"240":9,"241":6,"253":5,"254":5,"255":5,"267":6,"275":1,"276":1,"286":0,"287":0,"289":0},"path":"/Users/rodolfoferro/Documents/GitHub/watchers-rings-contract/contracts/WatchersRing.sol","s":{"1":1,"2":1,"3":1,"4":1,"5":116,"6":0,"7":2,"8":2,"9":2,"10":2,"11":113,"12":113,"13":112,"14":112,"15":112,"16":3,"17":2,"18":1,"19":1,"20":0,"21":10,"22":5,"23":4,"24":3,"25":2,"26":9,"27":6,"28":5,"29":5,"30":5,"31":1,"32":1,"33":0,"34":0},"b":{"1":[1,1],"2":[1,0],"3":[1,1],"4":[1,0],"5":[113,0],"6":[0,113],"7":[112,1],"8":[112,0],"9":[2,1],"10":[1,0],"11":[10,0],"12":[10,0],"13":[4,1],"14":[2,1],"15":[6,3],"16":[5,0],"17":[6,0],"18":[1,0],"19":[1,0],"20":[0,0],"21":[0,0]},"f":{"1":33,"2":1,"3":1,"4":116,"5":0,"6":2,"7":113,"8":3,"9":1,"10":1,"11":0,"12":1,"13":10,"14":5,"15":3,"16":9,"17":5,"18":6,"19":1,"20":0},"fnMap":{"1":{"name":"constructor","line":46,"loc":{"start":{"line":44,"column":4},"end":{"line":49,"column":4}}},"2":{"name":"pauseContract","line":54,"loc":{"start":{"line":54,"column":4},"end":{"line":58,"column":4}}},"3":{"name":"unpauseContract","line":63,"loc":{"start":{"line":63,"column":4},"end":{"line":67,"column":4}}},"4":{"name":"_beforeTokenTransfer","line":73,"loc":{"start":{"line":73,"column":4},"end":{"line":80,"column":4}}},"5":{"name":"supportsInterface","line":86,"loc":{"start":{"line":86,"column":4},"end":{"line":90,"column":4}}},"6":{"name":"getTokens","line":97,"loc":{"start":{"line":97,"column":4},"end":{"line":108,"column":4}}},"7":{"name":"mintTokenId","line":120,"loc":{"start":{"line":116,"column":4},"end":{"line":133,"column":4}}},"8":{"name":"tokenURI","line":140,"loc":{"start":{"line":140,"column":4},"end":{"line":149,"column":4}}},"9":{"name":"exists","line":156,"loc":{"start":{"line":156,"column":4},"end":{"line":158,"column":4}}},"10":{"name":"totalSupply","line":164,"loc":{"start":{"line":164,"column":4},"end":{"line":171,"column":4}}},"11":{"name":"getBaseURI","line":177,"loc":{"start":{"line":177,"column":4},"end":{"line":179,"column":4}}},"12":{"name":"setNewBaseURI","line":189,"loc":{"start":{"line":189,"column":4},"end":{"line":192,"column":4}}},"13":{"name":"setMinter","line":198,"loc":{"start":{"line":198,"column":4},"end":{"line":201,"column":4}}},"14":{"name":"approve","line":208,"loc":{"start":{"line":208,"column":4},"end":{"line":214,"column":4}}},"15":{"name":"setApprovalForAll","line":221,"loc":{"start":{"line":221,"column":4},"end":{"line":227,"column":4}}},"16":{"name":"isApprovedForAll","line":236,"loc":{"start":{"line":236,"column":4},"end":{"line":242,"column":4}}},"17":{"name":"getApproved","line":250,"loc":{"start":{"line":250,"column":4},"end":{"line":256,"column":4}}},"18":{"name":"setDeniedMarketplace","line":266,"loc":{"start":{"line":263,"column":4},"end":{"line":268,"column":4}}},"19":{"name":"withdrawAll","line":274,"loc":{"start":{"line":274,"column":4},"end":{"line":277,"column":4}}},"20":{"name":"forwardERC20s","line":285,"loc":{"start":{"line":285,"column":4},"end":{"line":290,"column":4}}}},"statementMap":{"1":{"start":{"line":55,"column":8},"end":{"line":55,"column":1791}},"2":{"start":{"line":56,"column":12},"end":{"line":56,"column":19}},"3":{"start":{"line":64,"column":8},"end":{"line":64,"column":1958}},"4":{"start":{"line":65,"column":12},"end":{"line":65,"column":21}},"5":{"start":{"line":79,"column":8},"end":{"line":79,"column":68}},"6":{"start":{"line":89,"column":8},"end":{"line":89,"column":51}},"7":{"start":{"line":100,"column":8},"end":{"line":100,"column":61}},"8":{"start":{"line":101,"column":8},"end":{"line":101,"column":68}},"9":{"start":{"line":103,"column":8},"end":{"line":103,"column":3180}},"10":{"start":{"line":107,"column":8},"end":{"line":107,"column":26}},"11":{"start":{"line":121,"column":8},"end":{"line":121,"column":3762}},"12":{"start":{"line":125,"column":8},"end":{"line":125,"column":46}},"13":{"start":{"line":127,"column":8},"end":{"line":127,"column":61}},"14":{"start":{"line":130,"column":8},"end":{"line":130,"column":58}},"15":{"start":{"line":132,"column":8},"end":{"line":132,"column":36}},"16":{"start":{"line":143,"column":8},"end":{"line":143,"column":4381}},"17":{"start":{"line":148,"column":8},"end":{"line":148,"column":73}},"18":{"start":{"line":157,"column":8},"end":{"line":157,"column":31}},"19":{"start":{"line":170,"column":8},"end":{"line":170,"column":24}},"20":{"start":{"line":178,"column":8},"end":{"line":178,"column":27}},"21":{"start":{"line":199,"column":8},"end":{"line":199,"column":65}},"22":{"start":{"line":212,"column":8},"end":{"line":212,"column":63}},"23":{"start":{"line":213,"column":8},"end":{"line":213,"column":33}},"24":{"start":{"line":225,"column":8},"end":{"line":225,"column":69}},"25":{"start":{"line":226,"column":8},"end":{"line":226,"column":50}},"26":{"start":{"line":240,"column":8},"end":{"line":240,"column":69}},"27":{"start":{"line":241,"column":8},"end":{"line":241,"column":54}},"28":{"start":{"line":253,"column":8},"end":{"line":253,"column":49}},"29":{"start":{"line":254,"column":8},"end":{"line":254,"column":65}},"30":{"start":{"line":255,"column":8},"end":{"line":255,"column":19}},"31":{"start":{"line":275,"column":8},"end":{"line":275,"column":76}},"32":{"start":{"line":276,"column":8},"end":{"line":276,"column":54}},"33":{"start":{"line":286,"column":8},"end":{"line":286,"column":8975}},"34":{"start":{"line":289,"column":8},"end":{"line":289,"column":41}}},"branchMap":{"1":{"line":54,"type":"if","locations":[{"start":{"line":54,"column":38},"end":{"line":54,"column":38}},{"start":{"line":54,"column":38},"end":{"line":54,"column":38}}]},"2":{"line":55,"type":"if","locations":[{"start":{"line":55,"column":8},"end":{"line":55,"column":8}},{"start":{"line":55,"column":8},"end":{"line":55,"column":8}}]},"3":{"line":63,"type":"if","locations":[{"start":{"line":63,"column":40},"end":{"line":63,"column":40}},{"start":{"line":63,"column":40},"end":{"line":63,"column":40}}]},"4":{"line":64,"type":"if","locations":[{"start":{"line":64,"column":8},"end":{"line":64,"column":8}},{"start":{"line":64,"column":8},"end":{"line":64,"column":8}}]},"5":{"line":120,"type":"if","locations":[{"start":{"line":120,"column":22},"end":{"line":120,"column":22}},{"start":{"line":120,"column":22},"end":{"line":120,"column":22}}]},"6":{"line":121,"type":"if","locations":[{"start":{"line":121,"column":8},"end":{"line":121,"column":8}},{"start":{"line":121,"column":8},"end":{"line":121,"column":8}}]},"7":{"line":125,"type":"if","locations":[{"start":{"line":125,"column":8},"end":{"line":125,"column":8}},{"start":{"line":125,"column":8},"end":{"line":125,"column":8}}]},"8":{"line":127,"type":"if","locations":[{"start":{"line":127,"column":8},"end":{"line":127,"column":8}},{"start":{"line":127,"column":8},"end":{"line":127,"column":8}}]},"9":{"line":143,"type":"if","locations":[{"start":{"line":143,"column":8},"end":{"line":143,"column":8}},{"start":{"line":143,"column":8},"end":{"line":143,"column":8}}]},"10":{"line":189,"type":"if","locations":[{"start":{"line":189,"column":64},"end":{"line":189,"column":64}},{"start":{"line":189,"column":64},"end":{"line":189,"column":64}}]},"11":{"line":198,"type":"if","locations":[{"start":{"line":198,"column":51},"end":{"line":198,"column":51}},{"start":{"line":198,"column":51},"end":{"line":198,"column":51}}]},"12":{"line":199,"type":"if","locations":[{"start":{"line":199,"column":8},"end":{"line":199,"column":8}},{"start":{"line":199,"column":8},"end":{"line":199,"column":8}}]},"13":{"line":212,"type":"if","locations":[{"start":{"line":212,"column":8},"end":{"line":212,"column":8}},{"start":{"line":212,"column":8},"end":{"line":212,"column":8}}]},"14":{"line":225,"type":"if","locations":[{"start":{"line":225,"column":8},"end":{"line":225,"column":8}},{"start":{"line":225,"column":8},"end":{"line":225,"column":8}}]},"15":{"line":240,"type":"if","locations":[{"start":{"line":240,"column":8},"end":{"line":240,"column":8}},{"start":{"line":240,"column":8},"end":{"line":240,"column":8}}]},"16":{"line":254,"type":"if","locations":[{"start":{"line":254,"column":8},"end":{"line":254,"column":8}},{"start":{"line":254,"column":8},"end":{"line":254,"column":8}}]},"17":{"line":266,"type":"if","locations":[{"start":{"line":266,"column":13},"end":{"line":266,"column":13}},{"start":{"line":266,"column":13},"end":{"line":266,"column":13}}]},"18":{"line":274,"type":"if","locations":[{"start":{"line":274,"column":44},"end":{"line":274,"column":44}},{"start":{"line":274,"column":44},"end":{"line":274,"column":44}}]},"19":{"line":276,"type":"if","locations":[{"start":{"line":276,"column":8},"end":{"line":276,"column":8}},{"start":{"line":276,"column":8},"end":{"line":276,"column":8}}]},"20":{"line":285,"type":"if","locations":[{"start":{"line":285,"column":66},"end":{"line":285,"column":66}},{"start":{"line":285,"column":66},"end":{"line":285,"column":66}}]},"21":{"line":286,"type":"if","locations":[{"start":{"line":286,"column":8},"end":{"line":286,"column":8}},{"start":{"line":286,"column":8},"end":{"line":286,"column":8}}]}}},
"contracts/WatchersRingMinter.sol":{"l":{"84":30,"85":30,"93":20,"101":7,"109":13,"117":15,"125":1,"133":107,"135":107,"136":107,"140":107,"141":107,"142":429,"143":429,"144":107,"145":107,"149":107,"159":1,"167":12,"168":12,"177":12,"189":1,"191":1,"192":1,"193":1,"194":1,"195":1,"196":1,"197":1,"198":1,"200":1,"208":1,"210":1,"219":1,"227":1,"235":11,"243":11,"244":1,"249":10,"250":1,"252":9,"266":6,"267":1,"272":5,"273":0,"276":5,"280":5,"286":3,"288":3,"292":2,"293":2,"307":5,"308":1,"315":4,"319":4,"324":3,"326":3,"330":2,"331":2,"343":11,"344":0,"346":11,"350":10,"360":12,"365":12,"366":107,"369":107,"372":107,"373":107,"375":107,"389":3,"393":3,"394":6,"395":6,"397":6,"409":113,"418":113,"420":113,"421":113,"423":113,"436":8,"446":8,"456":7,"464":2,"472":2,"480":1,"490":30,"500":30,"509":1,"510":0,"512":1,"523":1,"524":0,"529":1,"530":0,"532":1,"540":2,"541":0,"543":2,"551":7,"552":0,"554":7,"564":3,"566":3,"567":18,"570":3,"571":2,"577":1,"578":0,"584":1,"585":0,"588":1,"596":1,"597":1,"604":1,"605":1,"614":0,"615":0,"617":0},"path":"/Users/rodolfoferro/Documents/GitHub/watchers-rings-contract/contracts/WatchersRingMinter.sol","s":{"1":30,"2":30,"3":20,"4":7,"5":13,"6":15,"7":1,"8":107,"9":107,"10":107,"11":107,"12":429,"13":107,"14":1,"15":12,"16":12,"17":1,"18":1,"19":1,"20":1,"21":1,"22":11,"23":11,"24":10,"25":9,"26":6,"27":5,"28":5,"29":5,"30":3,"31":3,"32":2,"33":5,"34":4,"35":4,"36":3,"37":3,"38":2,"39":11,"40":11,"41":10,"42":12,"43":12,"44":107,"45":107,"46":107,"47":107,"48":3,"49":3,"50":6,"51":6,"52":113,"53":113,"54":113,"55":113,"56":113,"57":1,"58":1,"59":1,"60":2,"61":7,"62":3,"63":3,"64":3,"65":1,"66":1,"67":1,"68":1,"69":1,"70":1,"71":0,"72":0},"b":{"1":[107,322],"2":[11,0],"3":[1,10],"4":[1,9],"5":[0,1],"6":[6,0],"7":[1,5],"8":[0,5],"9":[0,0],"10":[3,2],"11":[2,1],"12":[2,1],"13":[5,0],"14":[1,4],"15":[3,1],"16":[2,1],"17":[0,11],"18":[10,1],"19":[12,0],"20":[3,0],"21":[3,0],"22":[113,0],"23":[113,0],"24":[8,0],"25":[8,0],"26":[7,0],"27":[2,0],"28":[2,0],"29":[1,0],"30":[30,0],"31":[30,0],"32":[1,0],"33":[0,1],"34":[1,0],"35":[0,1],"36":[0,1],"37":[2,0],"38":[0,2],"39":[7,0],"40":[0,7],"41":[3,0],"42":[2,1],"43":[0,1],"44":[0,1],"45":[1,0],"46":[1,0],"47":[1,0],"48":[1,0],"49":[0,0],"50":[0,0]},"f":{"1":30,"2":20,"3":7,"4":13,"5":15,"6":1,"7":107,"8":1,"9":12,"10":1,"11":1,"12":1,"13":11,"14":11,"15":6,"16":5,"17":11,"18":12,"19":3,"20":113,"21":8,"22":8,"23":7,"24":2,"25":2,"26":1,"27":30,"28":30,"29":1,"30":1,"31":2,"32":7,"33":3,"34":1,"35":1,"36":0},"fnMap":{"1":{"name":"constructor","line":83,"loc":{"start":{"line":83,"column":4},"end":{"line":86,"column":4}}},"2":{"name":"mintlistStarted","line":92,"loc":{"start":{"line":92,"column":4},"end":{"line":94,"column":4}}},"3":{"name":"claimsStarted","line":100,"loc":{"start":{"line":100,"column":4},"end":{"line":102,"column":4}}},"4":{"name":"publicStarted","line":108,"loc":{"start":{"line":108,"column":4},"end":{"line":110,"column":4}}},"5":{"name":"getInitialRings","line":116,"loc":{"start":{"line":116,"column":4},"end":{"line":118,"column":4}}},"6":{"name":"getRingPrice","line":124,"loc":{"start":{"line":124,"column":4},"end":{"line":126,"column":4}}},"7":{"name":"generateRing","line":132,"loc":{"start":{"line":132,"column":4},"end":{"line":150,"column":4}}},"8":{"name":"getTokenIdRingType","line":156,"loc":{"start":{"line":156,"column":4},"end":{"line":160,"column":4}}},"9":{"name":"getTotalMintedRings","line":166,"loc":{"start":{"line":166,"column":4},"end":{"line":178,"column":4}}},"10":{"name":"getTotalMintedRingsByType","line":184,"loc":{"start":{"line":184,"column":4},"end":{"line":201,"column":4}}},"11":{"name":"getAvailableRings","line":207,"loc":{"start":{"line":207,"column":4},"end":{"line":220,"column":4}}},"12":{"name":"getProbabilities","line":226,"loc":{"start":{"line":226,"column":4},"end":{"line":228,"column":4}}},"13":{"name":"mint","line":234,"loc":{"start":{"line":234,"column":4},"end":{"line":236,"column":4}}},"14":{"name":"privateMint","line":242,"loc":{"start":{"line":242,"column":4},"end":{"line":253,"column":4}}},"15":{"name":"mintlistMint","line":265,"loc":{"start":{"line":261,"column":4},"end":{"line":294,"column":4}}},"16":{"name":"claimlistMint","line":306,"loc":{"start":{"line":302,"column":4},"end":{"line":332,"column":4}}},"17":{"name":"_mintTokensCheckingValue","line":339,"loc":{"start":{"line":339,"column":4},"end":{"line":351,"column":4}}},"18":{"name":"_mintTokens","line":359,"loc":{"start":{"line":359,"column":4},"end":{"line":377,"column":4}}},"19":{"name":"ownerMint","line":388,"loc":{"start":{"line":385,"column":4},"end":{"line":399,"column":4}}},"20":{"name":"ownerGetNextTokenId","line":406,"loc":{"start":{"line":406,"column":4},"end":{"line":424,"column":4}}},"21":{"name":"setPublicMintStartTime","line":435,"loc":{"start":{"line":433,"column":4},"end":{"line":437,"column":4}}},"22":{"name":"setMintlistStartTime","line":445,"loc":{"start":{"line":443,"column":4},"end":{"line":447,"column":4}}},"23":{"name":"setClaimsStartTime","line":455,"loc":{"start":{"line":453,"column":4},"end":{"line":457,"column":4}}},"24":{"name":"setMintlistMerkleRoot1","line":463,"loc":{"start":{"line":463,"column":4},"end":{"line":465,"column":4}}},"25":{"name":"setMintlistMerkleRoot2","line":471,"loc":{"start":{"line":471,"column":4},"end":{"line":473,"column":4}}},"26":{"name":"setClaimlistMerkleRoot","line":479,"loc":{"start":{"line":479,"column":4},"end":{"line":481,"column":4}}},"27":{"name":"setWatchersRing","line":489,"loc":{"start":{"line":487,"column":4},"end":{"line":491,"column":4}}},"28":{"name":"setVaultAddress","line":499,"loc":{"start":{"line":497,"column":4},"end":{"line":501,"column":4}}},"29":{"name":"setGlobalIdOffset","line":508,"loc":{"start":{"line":508,"column":4},"end":{"line":513,"column":4}}},"30":{"name":"setLocalIdOffsets","line":522,"loc":{"start":{"line":520,"column":4},"end":{"line":533,"column":4}}},"31":{"name":"setRingsAvailable","line":539,"loc":{"start":{"line":539,"column":4},"end":{"line":544,"column":4}}},"32":{"name":"setPrice","line":550,"loc":{"start":{"line":550,"column":4},"end":{"line":555,"column":4}}},"33":{"name":"setProbabilities","line":563,"loc":{"start":{"line":561,"column":4},"end":{"line":589,"column":4}}},"34":{"name":"withdraw","line":595,"loc":{"start":{"line":595,"column":4},"end":{"line":598,"column":4}}},"35":{"name":"withdrawAll","line":603,"loc":{"start":{"line":603,"column":4},"end":{"line":606,"column":4}}},"36":{"name":"forwardERC20s","line":613,"loc":{"start":{"line":613,"column":4},"end":{"line":618,"column":4}}}},"statementMap":{"1":{"start":{"line":84,"column":8},"end":{"line":84,"column":37}},"2":{"start":{"line":85,"column":8},"end":{"line":85,"column":43}},"3":{"start":{"line":93,"column":8},"end":{"line":93,"column":51}},"4":{"start":{"line":101,"column":8},"end":{"line":101,"column":49}},"5":{"start":{"line":109,"column":8},"end":{"line":109,"column":53}},"6":{"start":{"line":117,"column":8},"end":{"line":117,"column":29}},"7":{"start":{"line":125,"column":8},"end":{"line":125,"column":24}},"8":{"start":{"line":133,"column":8},"end":{"line":133,"column":28}},"9":{"start":{"line":136,"column":8},"end":{"line":136,"column":4213}},"10":{"start":{"line":140,"column":8},"end":{"line":140,"column":30}},"11":{"start":{"line":141,"column":8},"end":{"line":141,"column":4374}},"12":{"start":{"line":143,"column":12},"end":{"line":143,"column":4511}},"13":{"start":{"line":149,"column":8},"end":{"line":149,"column":23}},"14":{"start":{"line":159,"column":8},"end":{"line":159,"column":28}},"15":{"start":{"line":167,"column":8},"end":{"line":167,"column":32}},"16":{"start":{"line":177,"column":8},"end":{"line":177,"column":31}},"17":{"start":{"line":189,"column":8},"end":{"line":189,"column":61}},"18":{"start":{"line":200,"column":8},"end":{"line":200,"column":32}},"19":{"start":{"line":208,"column":8},"end":{"line":208,"column":42}},"20":{"start":{"line":219,"column":8},"end":{"line":219,"column":24}},"21":{"start":{"line":227,"column":8},"end":{"line":227,"column":40}},"22":{"start":{"line":235,"column":8},"end":{"line":235,"column":28}},"23":{"start":{"line":243,"column":8},"end":{"line":243,"column":7408}},"24":{"start":{"line":249,"column":8},"end":{"line":249,"column":7604}},"25":{"start":{"line":252,"column":8},"end":{"line":252,"column":53}},"26":{"start":{"line":266,"column":8},"end":{"line":266,"column":8220}},"27":{"start":{"line":272,"column":8},"end":{"line":272,"column":8416}},"28":{"start":{"line":276,"column":8},"end":{"line":276,"column":8546}},"29":{"start":{"line":280,"column":8},"end":{"line":280,"column":8655}},"30":{"start":{"line":286,"column":8},"end":{"line":286,"column":61}},"31":{"start":{"line":288,"column":8},"end":{"line":288,"column":8931}},"32":{"start":{"line":293,"column":8},"end":{"line":293,"column":53}},"33":{"start":{"line":307,"column":8},"end":{"line":307,"column":9677}},"34":{"start":{"line":315,"column":8},"end":{"line":315,"column":9899}},"35":{"start":{"line":319,"column":8},"end":{"line":319,"column":10008}},"36":{"start":{"line":324,"column":8},"end":{"line":324,"column":62}},"37":{"start":{"line":326,"column":8},"end":{"line":326,"column":10205}},"38":{"start":{"line":331,"column":8},"end":{"line":331,"column":40}},"39":{"start":{"line":343,"column":8},"end":{"line":343,"column":10802}},"40":{"start":{"line":346,"column":8},"end":{"line":346,"column":10884}},"41":{"start":{"line":350,"column":8},"end":{"line":350,"column":39}},"42":{"start":{"line":360,"column":8},"end":{"line":360,"column":11376}},"43":{"start":{"line":365,"column":8},"end":{"line":365,"column":11527}},"44":{"start":{"line":366,"column":12},"end":{"line":366,"column":45}},"45":{"start":{"line":369,"column":12},"end":{"line":369,"column":11728}},"46":{"start":{"line":372,"column":12},"end":{"line":372,"column":63}},"47":{"start":{"line":375,"column":12},"end":{"line":375,"column":69}},"48":{"start":{"line":389,"column":8},"end":{"line":389,"column":12447}},"49":{"start":{"line":393,"column":8},"end":{"line":393,"column":12574}},"50":{"start":{"line":394,"column":12},"end":{"line":394,"column":63}},"51":{"start":{"line":397,"column":12},"end":{"line":397,"column":73}},"52":{"start":{"line":409,"column":8},"end":{"line":409,"column":13163}},"53":{"start":{"line":418,"column":8},"end":{"line":418,"column":13467}},"54":{"start":{"line":420,"column":8},"end":{"line":420,"column":67}},"55":{"start":{"line":421,"column":8},"end":{"line":421,"column":64}},"56":{"start":{"line":423,"column":8},"end":{"line":423,"column":78}},"57":{"start":{"line":509,"column":8},"end":{"line":509,"column":16310}},"58":{"start":{"line":523,"column":8},"end":{"line":523,"column":16795}},"59":{"start":{"line":529,"column":8},"end":{"line":529,"column":17004}},"60":{"start":{"line":540,"column":8},"end":{"line":540,"column":17368}},"61":{"start":{"line":551,"column":8},"end":{"line":551,"column":17696}},"62":{"start":{"line":564,"column":8},"end":{"line":564,"column":38}},"63":{"start":{"line":566,"column":8},"end":{"line":566,"column":18115}},"64":{"start":{"line":570,"column":8},"end":{"line":570,"column":18247}},"65":{"start":{"line":577,"column":8},"end":{"line":577,"column":18437}},"66":{"start":{"line":584,"column":8},"end":{"line":584,"column":18635}},"67":{"start":{"line":596,"column":8},"end":{"line":596,"column":57}},"68":{"start":{"line":597,"column":8},"end":{"line":597,"column":54}},"69":{"start":{"line":604,"column":8},"end":{"line":604,"column":71}},"70":{"start":{"line":605,"column":8},"end":{"line":605,"column":58}},"71":{"start":{"line":614,"column":8},"end":{"line":614,"column":19611}},"72":{"start":{"line":617,"column":8},"end":{"line":617,"column":43}}},"branchMap":{"1":{"line":143,"type":"if","locations":[{"start":{"line":143,"column":12},"end":{"line":143,"column":12}},{"start":{"line":143,"column":12},"end":{"line":143,"column":12}}]},"2":{"line":234,"type":"if","locations":[{"start":{"line":234,"column":53},"end":{"line":234,"column":53}},{"start":{"line":234,"column":53},"end":{"line":234,"column":53}}]},"3":{"line":243,"type":"if","locations":[{"start":{"line":243,"column":8},"end":{"line":243,"column":8}},{"start":{"line":243,"column":8},"end":{"line":243,"column":8}}]},"4":{"line":249,"type":"if","locations":[{"start":{"line":249,"column":8},"end":{"line":249,"column":8}},{"start":{"line":249,"column":8},"end":{"line":249,"column":8}}]},"5":{"line":249,"type":"cond-expr","locations":[{"start":{"line":249,"column":12},"end":{"line":249,"column":24}},{"start":{"line":249,"column":29},"end":{"line":249,"column":41}}]},"6":{"line":265,"type":"if","locations":[{"start":{"line":265,"column":23},"end":{"line":265,"column":23}},{"start":{"line":265,"column":23},"end":{"line":265,"column":23}}]},"7":{"line":266,"type":"if","locations":[{"start":{"line":266,"column":8},"end":{"line":266,"column":8}},{"start":{"line":266,"column":8},"end":{"line":266,"column":8}}]},"8":{"line":272,"type":"if","locations":[{"start":{"line":272,"column":8},"end":{"line":272,"column":8}},{"start":{"line":272,"column":8},"end":{"line":272,"column":8}}]},"9":{"line":272,"type":"cond-expr","locations":[{"start":{"line":272,"column":12},"end":{"line":272,"column":24}},{"start":{"line":272,"column":29},"end":{"line":272,"column":41}}]},"10":{"line":280,"type":"if","locations":[{"start":{"line":280,"column":8},"end":{"line":280,"column":8}},{"start":{"line":280,"column":8},"end":{"line":280,"column":8}}]},"11":{"line":281,"type":"cond-expr","locations":[{"start":{"line":281,"column":12},"end":{"line":281,"column":71}},{"start":{"line":282,"column":16},"end":{"line":282,"column":75}}]},"12":{"line":288,"type":"if","locations":[{"start":{"line":288,"column":8},"end":{"line":288,"column":8}},{"start":{"line":288,"column":8},"end":{"line":288,"column":8}}]},"13":{"line":306,"type":"if","locations":[{"start":{"line":306,"column":23},"end":{"line":306,"column":23}},{"start":{"line":306,"column":23},"end":{"line":306,"column":23}}]},"14":{"line":307,"type":"if","locations":[{"start":{"line":307,"column":8},"end":{"line":307,"column":8}},{"start":{"line":307,"column":8},"end":{"line":307,"column":8}}]},"15":{"line":319,"type":"if","locations":[{"start":{"line":319,"column":8},"end":{"line":319,"column":8}},{"start":{"line":319,"column":8},"end":{"line":319,"column":8}}]},"16":{"line":326,"type":"if","locations":[{"start":{"line":326,"column":8},"end":{"line":326,"column":8}},{"start":{"line":326,"column":8},"end":{"line":326,"column":8}}]},"17":{"line":343,"type":"if","locations":[{"start":{"line":343,"column":8},"end":{"line":343,"column":8}},{"start":{"line":343,"column":8},"end":{"line":343,"column":8}}]},"18":{"line":346,"type":"if","locations":[{"start":{"line":346,"column":8},"end":{"line":346,"column":8}},{"start":{"line":346,"column":8},"end":{"line":346,"column":8}}]},"19":{"line":360,"type":"if","locations":[{"start":{"line":360,"column":8},"end":{"line":360,"column":8}},{"start":{"line":360,"column":8},"end":{"line":360,"column":8}}]},"20":{"line":388,"type":"if","locations":[{"start":{"line":388,"column":15},"end":{"line":388,"column":15}},{"start":{"line":388,"column":15},"end":{"line":388,"column":15}}]},"21":{"line":389,"type":"if","locations":[{"start":{"line":389,"column":8},"end":{"line":389,"column":8}},{"start":{"line":389,"column":8},"end":{"line":389,"column":8}}]},"22":{"line":420,"type":"if","locations":[{"start":{"line":420,"column":8},"end":{"line":420,"column":8}},{"start":{"line":420,"column":8},"end":{"line":420,"column":8}}]},"23":{"line":421,"type":"if","locations":[{"start":{"line":421,"column":8},"end":{"line":421,"column":8}},{"start":{"line":421,"column":8},"end":{"line":421,"column":8}}]},"24":{"line":435,"type":"if","locations":[{"start":{"line":435,"column":15},"end":{"line":435,"column":15}},{"start":{"line":435,"column":15},"end":{"line":435,"column":15}}]},"25":{"line":445,"type":"if","locations":[{"start":{"line":445,"column":15},"end":{"line":445,"column":15}},{"start":{"line":445,"column":15},"end":{"line":445,"column":15}}]},"26":{"line":455,"type":"if","locations":[{"start":{"line":455,"column":15},"end":{"line":455,"column":15}},{"start":{"line":455,"column":15},"end":{"line":455,"column":15}}]},"27":{"line":463,"type":"if","locations":[{"start":{"line":463,"column":68},"end":{"line":463,"column":68}},{"start":{"line":463,"column":68},"end":{"line":463,"column":68}}]},"28":{"line":471,"type":"if","locations":[{"start":{"line":471,"column":68},"end":{"line":471,"column":68}},{"start":{"line":471,"column":68},"end":{"line":471,"column":68}}]},"29":{"line":479,"type":"if","locations":[{"start":{"line":479,"column":68},"end":{"line":479,"column":68}},{"start":{"line":479,"column":68},"end":{"line":479,"column":68}}]},"30":{"line":489,"type":"if","locations":[{"start":{"line":489,"column":13},"end":{"line":489,"column":13}},{"start":{"line":489,"column":13},"end":{"line":489,"column":13}}]},"31":{"line":499,"type":"if","locations":[{"start":{"line":499,"column":13},"end":{"line":499,"column":13}},{"start":{"line":499,"column":13},"end":{"line":499,"column":13}}]},"32":{"line":508,"type":"if","locations":[{"start":{"line":508,"column":68},"end":{"line":508,"column":68}},{"start":{"line":508,"column":68},"end":{"line":508,"column":68}}]},"33":{"line":509,"type":"if","locations":[{"start":{"line":509,"column":8},"end":{"line":509,"column":8}},{"start":{"line":509,"column":8},"end":{"line":509,"column":8}}]},"34":{"line":522,"type":"if","locations":[{"start":{"line":522,"column":15},"end":{"line":522,"column":15}},{"start":{"line":522,"column":15},"end":{"line":522,"column":15}}]},"35":{"line":523,"type":"if","locations":[{"start":{"line":523,"column":8},"end":{"line":523,"column":8}},{"start":{"line":523,"column":8},"end":{"line":523,"column":8}}]},"36":{"line":529,"type":"if","locations":[{"start":{"line":529,"column":8},"end":{"line":529,"column":8}},{"start":{"line":529,"column":8},"end":{"line":529,"column":8}}]},"37":{"line":539,"type":"if","locations":[{"start":{"line":539,"column":68},"end":{"line":539,"column":68}},{"start":{"line":539,"column":68},"end":{"line":539,"column":68}}]},"38":{"line":540,"type":"if","locations":[{"start":{"line":540,"column":8},"end":{"line":540,"column":8}},{"start":{"line":540,"column":8},"end":{"line":540,"column":8}}]},"39":{"line":550,"type":"if","locations":[{"start":{"line":550,"column":50},"end":{"line":550,"column":50}},{"start":{"line":550,"column":50},"end":{"line":550,"column":50}}]},"40":{"line":551,"type":"if","locations":[{"start":{"line":551,"column":8},"end":{"line":551,"column":8}},{"start":{"line":551,"column":8},"end":{"line":551,"column":8}}]},"41":{"line":563,"type":"if","locations":[{"start":{"line":563,"column":15},"end":{"line":563,"column":15}},{"start":{"line":563,"column":15},"end":{"line":563,"column":15}}]},"42":{"line":570,"type":"if","locations":[{"start":{"line":570,"column":8},"end":{"line":570,"column":8}},{"start":{"line":570,"column":8},"end":{"line":570,"column":8}}]},"43":{"line":577,"type":"if","locations":[{"start":{"line":577,"column":8},"end":{"line":577,"column":8}},{"start":{"line":577,"column":8},"end":{"line":577,"column":8}}]},"44":{"line":584,"type":"if","locations":[{"start":{"line":584,"column":8},"end":{"line":584,"column":8}},{"start":{"line":584,"column":8},"end":{"line":584,"column":8}}]},"45":{"line":595,"type":"if","locations":[{"start":{"line":595,"column":48},"end":{"line":595,"column":48}},{"start":{"line":595,"column":48},"end":{"line":595,"column":48}}]},"46":{"line":597,"type":"if","locations":[{"start":{"line":597,"column":8},"end":{"line":597,"column":8}},{"start":{"line":597,"column":8},"end":{"line":597,"column":8}}]},"47":{"line":603,"type":"if","locations":[{"start":{"line":603,"column":36},"end":{"line":603,"column":36}},{"start":{"line":603,"column":36},"end":{"line":603,"column":36}}]},"48":{"line":605,"type":"if","locations":[{"start":{"line":605,"column":8},"end":{"line":605,"column":8}},{"start":{"line":605,"column":8},"end":{"line":605,"column":8}}]},"49":{"line":613,"type":"if","locations":[{"start":{"line":613,"column":68},"end":{"line":613,"column":68}},{"start":{"line":613,"column":68},"end":{"line":613,"column":68}}]},"50":{"line":614,"type":"if","locations":[{"start":{"line":614,"column":8},"end":{"line":614,"column":8}},{"start":{"line":614,"column":8},"end":{"line":614,"column":8}}]}}}}
