{
"contracts/IWatchersRing.sol":{"l":{},"path":"/Users/rodolfoferro/Documents/GitHub/watchers-rings-contract/contracts/IWatchersRing.sol","s":{},"b":{},"f":{},"fnMap":{},"statementMap":{},"branchMap":{}},
"contracts/WatchersRing.sol":{"l":{"43":30,"57":111,"58":0,"61":111,"63":111,"64":111,"66":111,"77":3,"82":2,"91":1,"99":1,"111":1,"119":9,"120":9,"129":5,"130":4,"142":3,"143":2,"157":9,"158":6,"170":5,"171":5,"172":5,"184":6,"192":1,"193":1,"203":0,"204":0,"206":0},"path":"/Users/rodolfoferro/Documents/GitHub/watchers-rings-contract/contracts/WatchersRing.sol","s":{"1":111,"2":111,"3":111,"4":111,"5":3,"6":2,"7":1,"8":1,"9":9,"10":5,"11":4,"12":3,"13":2,"14":9,"15":6,"16":5,"17":5,"18":5,"19":1,"20":1,"21":0,"22":0},"b":{"1":[111,0],"2":[0,111],"3":[111,0],"4":[2,1],"5":[1,0],"6":[9,0],"7":[9,0],"8":[4,1],"9":[2,1],"10":[6,3],"11":[5,0],"12":[6,0],"13":[1,0],"14":[1,0],"15":[0,0],"16":[0,0]},"f":{"1":30,"2":111,"3":3,"4":1,"5":1,"6":1,"7":9,"8":5,"9":3,"10":9,"11":5,"12":6,"13":1,"14":0},"fnMap":{"1":{"name":"constructor","line":42,"loc":{"start":{"line":42,"column":4},"end":{"line":44,"column":4}}},"2":{"name":"mintTokenId","line":56,"loc":{"start":{"line":52,"column":4},"end":{"line":67,"column":4}}},"3":{"name":"tokenURI","line":74,"loc":{"start":{"line":74,"column":4},"end":{"line":83,"column":4}}},"4":{"name":"exists","line":90,"loc":{"start":{"line":90,"column":4},"end":{"line":92,"column":4}}},"5":{"name":"totalSupply","line":98,"loc":{"start":{"line":98,"column":4},"end":{"line":100,"column":4}}},"6":{"name":"setBaseURI","line":110,"loc":{"start":{"line":110,"column":4},"end":{"line":112,"column":4}}},"7":{"name":"setMinter","line":118,"loc":{"start":{"line":118,"column":4},"end":{"line":121,"column":4}}},"8":{"name":"approve","line":128,"loc":{"start":{"line":128,"column":4},"end":{"line":131,"column":4}}},"9":{"name":"setApprovalForAll","line":138,"loc":{"start":{"line":138,"column":4},"end":{"line":144,"column":4}}},"10":{"name":"isApprovedForAll","line":153,"loc":{"start":{"line":153,"column":4},"end":{"line":159,"column":4}}},"11":{"name":"getApproved","line":167,"loc":{"start":{"line":167,"column":4},"end":{"line":173,"column":4}}},"12":{"name":"setDeniedMarketplace","line":183,"loc":{"start":{"line":180,"column":4},"end":{"line":185,"column":4}}},"13":{"name":"withdrawAll","line":191,"loc":{"start":{"line":191,"column":4},"end":{"line":194,"column":4}}},"14":{"name":"forwardERC20s","line":202,"loc":{"start":{"line":202,"column":4},"end":{"line":207,"column":4}}}},"statementMap":{"1":{"start":{"line":57,"column":8},"end":{"line":57,"column":1925}},"2":{"start":{"line":61,"column":8},"end":{"line":61,"column":61}},"3":{"start":{"line":64,"column":8},"end":{"line":64,"column":58}},"4":{"start":{"line":66,"column":8},"end":{"line":66,"column":36}},"5":{"start":{"line":77,"column":8},"end":{"line":77,"column":2494}},"6":{"start":{"line":82,"column":8},"end":{"line":82,"column":73}},"7":{"start":{"line":91,"column":8},"end":{"line":91,"column":31}},"8":{"start":{"line":99,"column":8},"end":{"line":99,"column":24}},"9":{"start":{"line":119,"column":8},"end":{"line":119,"column":65}},"10":{"start":{"line":129,"column":8},"end":{"line":129,"column":63}},"11":{"start":{"line":130,"column":8},"end":{"line":130,"column":33}},"12":{"start":{"line":142,"column":8},"end":{"line":142,"column":69}},"13":{"start":{"line":143,"column":8},"end":{"line":143,"column":50}},"14":{"start":{"line":157,"column":8},"end":{"line":157,"column":69}},"15":{"start":{"line":158,"column":8},"end":{"line":158,"column":54}},"16":{"start":{"line":170,"column":8},"end":{"line":170,"column":49}},"17":{"start":{"line":171,"column":8},"end":{"line":171,"column":65}},"18":{"start":{"line":172,"column":8},"end":{"line":172,"column":19}},"19":{"start":{"line":192,"column":8},"end":{"line":192,"column":76}},"20":{"start":{"line":193,"column":8},"end":{"line":193,"column":54}},"21":{"start":{"line":203,"column":8},"end":{"line":203,"column":6673}},"22":{"start":{"line":206,"column":8},"end":{"line":206,"column":41}}},"branchMap":{"1":{"line":56,"type":"if","locations":[{"start":{"line":56,"column":22},"end":{"line":56,"column":22}},{"start":{"line":56,"column":22},"end":{"line":56,"column":22}}]},"2":{"line":57,"type":"if","locations":[{"start":{"line":57,"column":8},"end":{"line":57,"column":8}},{"start":{"line":57,"column":8},"end":{"line":57,"column":8}}]},"3":{"line":61,"type":"if","locations":[{"start":{"line":61,"column":8},"end":{"line":61,"column":8}},{"start":{"line":61,"column":8},"end":{"line":61,"column":8}}]},"4":{"line":77,"type":"if","locations":[{"start":{"line":77,"column":8},"end":{"line":77,"column":8}},{"start":{"line":77,"column":8},"end":{"line":77,"column":8}}]},"5":{"line":110,"type":"if","locations":[{"start":{"line":110,"column":59},"end":{"line":110,"column":59}},{"start":{"line":110,"column":59},"end":{"line":110,"column":59}}]},"6":{"line":118,"type":"if","locations":[{"start":{"line":118,"column":51},"end":{"line":118,"column":51}},{"start":{"line":118,"column":51},"end":{"line":118,"column":51}}]},"7":{"line":119,"type":"if","locations":[{"start":{"line":119,"column":8},"end":{"line":119,"column":8}},{"start":{"line":119,"column":8},"end":{"line":119,"column":8}}]},"8":{"line":129,"type":"if","locations":[{"start":{"line":129,"column":8},"end":{"line":129,"column":8}},{"start":{"line":129,"column":8},"end":{"line":129,"column":8}}]},"9":{"line":142,"type":"if","locations":[{"start":{"line":142,"column":8},"end":{"line":142,"column":8}},{"start":{"line":142,"column":8},"end":{"line":142,"column":8}}]},"10":{"line":157,"type":"if","locations":[{"start":{"line":157,"column":8},"end":{"line":157,"column":8}},{"start":{"line":157,"column":8},"end":{"line":157,"column":8}}]},"11":{"line":171,"type":"if","locations":[{"start":{"line":171,"column":8},"end":{"line":171,"column":8}},{"start":{"line":171,"column":8},"end":{"line":171,"column":8}}]},"12":{"line":183,"type":"if","locations":[{"start":{"line":183,"column":13},"end":{"line":183,"column":13}},{"start":{"line":183,"column":13},"end":{"line":183,"column":13}}]},"13":{"line":191,"type":"if","locations":[{"start":{"line":191,"column":44},"end":{"line":191,"column":44}},{"start":{"line":191,"column":44},"end":{"line":191,"column":44}}]},"14":{"line":193,"type":"if","locations":[{"start":{"line":193,"column":8},"end":{"line":193,"column":8}},{"start":{"line":193,"column":8},"end":{"line":193,"column":8}}]},"15":{"line":202,"type":"if","locations":[{"start":{"line":202,"column":66},"end":{"line":202,"column":66}},{"start":{"line":202,"column":66},"end":{"line":202,"column":66}}]},"16":{"line":203,"type":"if","locations":[{"start":{"line":203,"column":8},"end":{"line":203,"column":8}},{"start":{"line":203,"column":8},"end":{"line":203,"column":8}}]}}},
"contracts/WatchersRingMinter.sol":{"l":{"84":27,"85":27,"93":18,"101":7,"109":11,"117":12,"125":1,"133":105,"135":105,"136":105,"140":105,"141":105,"142":456,"143":456,"144":105,"145":105,"149":105,"159":1,"167":10,"168":10,"177":10,"189":1,"191":1,"192":1,"193":1,"194":1,"195":1,"196":1,"197":1,"198":1,"200":1,"208":1,"210":1,"219":1,"227":1,"235":9,"243":9,"244":1,"249":8,"250":1,"252":7,"266":6,"267":1,"272":5,"273":0,"276":5,"280":5,"286":3,"288":3,"292":2,"293":2,"307":5,"308":1,"315":4,"319":4,"324":3,"326":3,"330":2,"331":2,"343":9,"344":0,"346":9,"350":8,"360":10,"365":10,"366":105,"369":105,"372":105,"373":105,"375":105,"389":3,"393":3,"394":6,"395":6,"397":6,"409":111,"418":111,"420":111,"421":111,"423":111,"436":7,"446":7,"456":6,"464":2,"472":2,"480":1,"490":27,"500":27,"509":1,"510":0,"512":1,"523":1,"524":0,"529":1,"530":0,"532":1,"540":1,"541":0,"543":1,"551":6,"552":0,"554":6,"564":3,"566":3,"567":18,"570":3,"571":2,"577":1,"578":0,"584":1,"585":0,"588":1,"596":1,"597":1,"604":1,"605":1,"614":0,"615":0,"617":0},"path":"/Users/rodolfoferro/Documents/GitHub/watchers-rings-contract/contracts/WatchersRingMinter.sol","s":{"1":27,"2":27,"3":18,"4":7,"5":11,"6":12,"7":1,"8":105,"9":105,"10":105,"11":105,"12":456,"13":105,"14":1,"15":10,"16":10,"17":1,"18":1,"19":1,"20":1,"21":1,"22":9,"23":9,"24":8,"25":7,"26":6,"27":5,"28":5,"29":5,"30":3,"31":3,"32":2,"33":5,"34":4,"35":4,"36":3,"37":3,"38":2,"39":9,"40":9,"41":8,"42":10,"43":10,"44":105,"45":105,"46":105,"47":105,"48":3,"49":3,"50":6,"51":6,"52":111,"53":111,"54":111,"55":111,"56":111,"57":1,"58":1,"59":1,"60":1,"61":6,"62":3,"63":3,"64":3,"65":1,"66":1,"67":1,"68":1,"69":1,"70":1,"71":0,"72":0},"b":{"1":[105,351],"2":[9,0],"3":[1,8],"4":[1,7],"5":[0,1],"6":[6,0],"7":[1,5],"8":[0,5],"9":[0,0],"10":[3,2],"11":[2,1],"12":[2,1],"13":[5,0],"14":[1,4],"15":[3,1],"16":[2,1],"17":[0,9],"18":[8,1],"19":[10,0],"20":[3,0],"21":[3,0],"22":[111,0],"23":[111,0],"24":[7,0],"25":[7,0],"26":[6,0],"27":[2,0],"28":[2,0],"29":[1,0],"30":[27,0],"31":[27,0],"32":[1,0],"33":[0,1],"34":[1,0],"35":[0,1],"36":[0,1],"37":[1,0],"38":[0,1],"39":[6,0],"40":[0,6],"41":[3,0],"42":[2,1],"43":[0,1],"44":[0,1],"45":[1,0],"46":[1,0],"47":[1,0],"48":[1,0],"49":[0,0],"50":[0,0]},"f":{"1":27,"2":18,"3":7,"4":11,"5":12,"6":1,"7":105,"8":1,"9":10,"10":1,"11":1,"12":1,"13":9,"14":9,"15":6,"16":5,"17":9,"18":10,"19":3,"20":111,"21":7,"22":7,"23":6,"24":2,"25":2,"26":1,"27":27,"28":27,"29":1,"30":1,"31":1,"32":6,"33":3,"34":1,"35":1,"36":0},"fnMap":{"1":{"name":"constructor","line":83,"loc":{"start":{"line":83,"column":4},"end":{"line":86,"column":4}}},"2":{"name":"mintlistStarted","line":92,"loc":{"start":{"line":92,"column":4},"end":{"line":94,"column":4}}},"3":{"name":"claimsStarted","line":100,"loc":{"start":{"line":100,"column":4},"end":{"line":102,"column":4}}},"4":{"name":"publicStarted","line":108,"loc":{"start":{"line":108,"column":4},"end":{"line":110,"column":4}}},"5":{"name":"getInitialRings","line":116,"loc":{"start":{"line":116,"column":4},"end":{"line":118,"column":4}}},"6":{"name":"getRingPrice","line":124,"loc":{"start":{"line":124,"column":4},"end":{"line":126,"column":4}}},"7":{"name":"generateRing","line":132,"loc":{"start":{"line":132,"column":4},"end":{"line":150,"column":4}}},"8":{"name":"getTokenIdRingType","line":156,"loc":{"start":{"line":156,"column":4},"end":{"line":160,"column":4}}},"9":{"name":"getTotalMintedRings","line":166,"loc":{"start":{"line":166,"column":4},"end":{"line":178,"column":4}}},"10":{"name":"getTotalMintedRingsByType","line":184,"loc":{"start":{"line":184,"column":4},"end":{"line":201,"column":4}}},"11":{"name":"getAvailableRings","line":207,"loc":{"start":{"line":207,"column":4},"end":{"line":220,"column":4}}},"12":{"name":"getProbabilities","line":226,"loc":{"start":{"line":226,"column":4},"end":{"line":228,"column":4}}},"13":{"name":"mint","line":234,"loc":{"start":{"line":234,"column":4},"end":{"line":236,"column":4}}},"14":{"name":"privateMint","line":242,"loc":{"start":{"line":242,"column":4},"end":{"line":253,"column":4}}},"15":{"name":"mintlistMint","line":265,"loc":{"start":{"line":261,"column":4},"end":{"line":294,"column":4}}},"16":{"name":"claimlistMint","line":306,"loc":{"start":{"line":302,"column":4},"end":{"line":332,"column":4}}},"17":{"name":"_mintTokensCheckingValue","line":339,"loc":{"start":{"line":339,"column":4},"end":{"line":351,"column":4}}},"18":{"name":"_mintTokens","line":359,"loc":{"start":{"line":359,"column":4},"end":{"line":377,"column":4}}},"19":{"name":"ownerMint","line":388,"loc":{"start":{"line":385,"column":4},"end":{"line":399,"column":4}}},"20":{"name":"ownerGetNextTokenId","line":406,"loc":{"start":{"line":406,"column":4},"end":{"line":424,"column":4}}},"21":{"name":"setPublicMintStartTime","line":435,"loc":{"start":{"line":433,"column":4},"end":{"line":437,"column":4}}},"22":{"name":"setMintlistStartTime","line":445,"loc":{"start":{"line":443,"column":4},"end":{"line":447,"column":4}}},"23":{"name":"setClaimsStartTime","line":455,"loc":{"start":{"line":453,"column":4},"end":{"line":457,"column":4}}},"24":{"name":"setMintlistMerkleRoot1","line":463,"loc":{"start":{"line":463,"column":4},"end":{"line":465,"column":4}}},"25":{"name":"setMintlistMerkleRoot2","line":471,"loc":{"start":{"line":471,"column":4},"end":{"line":473,"column":4}}},"26":{"name":"setClaimlistMerkleRoot","line":479,"loc":{"start":{"line":479,"column":4},"end":{"line":481,"column":4}}},"27":{"name":"setWatchersRing","line":489,"loc":{"start":{"line":487,"column":4},"end":{"line":491,"column":4}}},"28":{"name":"setVaultAddress","line":499,"loc":{"start":{"line":497,"column":4},"end":{"line":501,"column":4}}},"29":{"name":"setGlobalIdOffset","line":508,"loc":{"start":{"line":508,"column":4},"end":{"line":513,"column":4}}},"30":{"name":"setLocalIdOffsets","line":522,"loc":{"start":{"line":520,"column":4},"end":{"line":533,"column":4}}},"31":{"name":"setRingsAvailable","line":539,"loc":{"start":{"line":539,"column":4},"end":{"line":544,"column":4}}},"32":{"name":"setPrice","line":550,"loc":{"start":{"line":550,"column":4},"end":{"line":555,"column":4}}},"33":{"name":"setProbabilities","line":563,"loc":{"start":{"line":561,"column":4},"end":{"line":589,"column":4}}},"34":{"name":"withdraw","line":595,"loc":{"start":{"line":595,"column":4},"end":{"line":598,"column":4}}},"35":{"name":"withdrawAll","line":603,"loc":{"start":{"line":603,"column":4},"end":{"line":606,"column":4}}},"36":{"name":"forwardERC20s","line":613,"loc":{"start":{"line":613,"column":4},"end":{"line":618,"column":4}}}},"statementMap":{"1":{"start":{"line":84,"column":8},"end":{"line":84,"column":37}},"2":{"start":{"line":85,"column":8},"end":{"line":85,"column":43}},"3":{"start":{"line":93,"column":8},"end":{"line":93,"column":51}},"4":{"start":{"line":101,"column":8},"end":{"line":101,"column":49}},"5":{"start":{"line":109,"column":8},"end":{"line":109,"column":53}},"6":{"start":{"line":117,"column":8},"end":{"line":117,"column":29}},"7":{"start":{"line":125,"column":8},"end":{"line":125,"column":24}},"8":{"start":{"line":133,"column":8},"end":{"line":133,"column":28}},"9":{"start":{"line":136,"column":8},"end":{"line":136,"column":4213}},"10":{"start":{"line":140,"column":8},"end":{"line":140,"column":30}},"11":{"start":{"line":141,"column":8},"end":{"line":141,"column":4374}},"12":{"start":{"line":143,"column":12},"end":{"line":143,"column":4511}},"13":{"start":{"line":149,"column":8},"end":{"line":149,"column":23}},"14":{"start":{"line":159,"column":8},"end":{"line":159,"column":28}},"15":{"start":{"line":167,"column":8},"end":{"line":167,"column":32}},"16":{"start":{"line":177,"column":8},"end":{"line":177,"column":31}},"17":{"start":{"line":189,"column":8},"end":{"line":189,"column":61}},"18":{"start":{"line":200,"column":8},"end":{"line":200,"column":32}},"19":{"start":{"line":208,"column":8},"end":{"line":208,"column":42}},"20":{"start":{"line":219,"column":8},"end":{"line":219,"column":24}},"21":{"start":{"line":227,"column":8},"end":{"line":227,"column":40}},"22":{"start":{"line":235,"column":8},"end":{"line":235,"column":28}},"23":{"start":{"line":243,"column":8},"end":{"line":243,"column":7408}},"24":{"start":{"line":249,"column":8},"end":{"line":249,"column":7604}},"25":{"start":{"line":252,"column":8},"end":{"line":252,"column":53}},"26":{"start":{"line":266,"column":8},"end":{"line":266,"column":8220}},"27":{"start":{"line":272,"column":8},"end":{"line":272,"column":8416}},"28":{"start":{"line":276,"column":8},"end":{"line":276,"column":8546}},"29":{"start":{"line":280,"column":8},"end":{"line":280,"column":8655}},"30":{"start":{"line":286,"column":8},"end":{"line":286,"column":61}},"31":{"start":{"line":288,"column":8},"end":{"line":288,"column":8931}},"32":{"start":{"line":293,"column":8},"end":{"line":293,"column":53}},"33":{"start":{"line":307,"column":8},"end":{"line":307,"column":9677}},"34":{"start":{"line":315,"column":8},"end":{"line":315,"column":9899}},"35":{"start":{"line":319,"column":8},"end":{"line":319,"column":10008}},"36":{"start":{"line":324,"column":8},"end":{"line":324,"column":62}},"37":{"start":{"line":326,"column":8},"end":{"line":326,"column":10205}},"38":{"start":{"line":331,"column":8},"end":{"line":331,"column":40}},"39":{"start":{"line":343,"column":8},"end":{"line":343,"column":10802}},"40":{"start":{"line":346,"column":8},"end":{"line":346,"column":10884}},"41":{"start":{"line":350,"column":8},"end":{"line":350,"column":39}},"42":{"start":{"line":360,"column":8},"end":{"line":360,"column":11376}},"43":{"start":{"line":365,"column":8},"end":{"line":365,"column":11527}},"44":{"start":{"line":366,"column":12},"end":{"line":366,"column":45}},"45":{"start":{"line":369,"column":12},"end":{"line":369,"column":11728}},"46":{"start":{"line":372,"column":12},"end":{"line":372,"column":63}},"47":{"start":{"line":375,"column":12},"end":{"line":375,"column":69}},"48":{"start":{"line":389,"column":8},"end":{"line":389,"column":12447}},"49":{"start":{"line":393,"column":8},"end":{"line":393,"column":12574}},"50":{"start":{"line":394,"column":12},"end":{"line":394,"column":63}},"51":{"start":{"line":397,"column":12},"end":{"line":397,"column":73}},"52":{"start":{"line":409,"column":8},"end":{"line":409,"column":13163}},"53":{"start":{"line":418,"column":8},"end":{"line":418,"column":13467}},"54":{"start":{"line":420,"column":8},"end":{"line":420,"column":67}},"55":{"start":{"line":421,"column":8},"end":{"line":421,"column":64}},"56":{"start":{"line":423,"column":8},"end":{"line":423,"column":78}},"57":{"start":{"line":509,"column":8},"end":{"line":509,"column":16310}},"58":{"start":{"line":523,"column":8},"end":{"line":523,"column":16795}},"59":{"start":{"line":529,"column":8},"end":{"line":529,"column":17004}},"60":{"start":{"line":540,"column":8},"end":{"line":540,"column":17368}},"61":{"start":{"line":551,"column":8},"end":{"line":551,"column":17696}},"62":{"start":{"line":564,"column":8},"end":{"line":564,"column":38}},"63":{"start":{"line":566,"column":8},"end":{"line":566,"column":18115}},"64":{"start":{"line":570,"column":8},"end":{"line":570,"column":18247}},"65":{"start":{"line":577,"column":8},"end":{"line":577,"column":18437}},"66":{"start":{"line":584,"column":8},"end":{"line":584,"column":18635}},"67":{"start":{"line":596,"column":8},"end":{"line":596,"column":57}},"68":{"start":{"line":597,"column":8},"end":{"line":597,"column":54}},"69":{"start":{"line":604,"column":8},"end":{"line":604,"column":71}},"70":{"start":{"line":605,"column":8},"end":{"line":605,"column":58}},"71":{"start":{"line":614,"column":8},"end":{"line":614,"column":19611}},"72":{"start":{"line":617,"column":8},"end":{"line":617,"column":43}}},"branchMap":{"1":{"line":143,"type":"if","locations":[{"start":{"line":143,"column":12},"end":{"line":143,"column":12}},{"start":{"line":143,"column":12},"end":{"line":143,"column":12}}]},"2":{"line":234,"type":"if","locations":[{"start":{"line":234,"column":53},"end":{"line":234,"column":53}},{"start":{"line":234,"column":53},"end":{"line":234,"column":53}}]},"3":{"line":243,"type":"if","locations":[{"start":{"line":243,"column":8},"end":{"line":243,"column":8}},{"start":{"line":243,"column":8},"end":{"line":243,"column":8}}]},"4":{"line":249,"type":"if","locations":[{"start":{"line":249,"column":8},"end":{"line":249,"column":8}},{"start":{"line":249,"column":8},"end":{"line":249,"column":8}}]},"5":{"line":249,"type":"cond-expr","locations":[{"start":{"line":249,"column":12},"end":{"line":249,"column":24}},{"start":{"line":249,"column":29},"end":{"line":249,"column":41}}]},"6":{"line":265,"type":"if","locations":[{"start":{"line":265,"column":23},"end":{"line":265,"column":23}},{"start":{"line":265,"column":23},"end":{"line":265,"column":23}}]},"7":{"line":266,"type":"if","locations":[{"start":{"line":266,"column":8},"end":{"line":266,"column":8}},{"start":{"line":266,"column":8},"end":{"line":266,"column":8}}]},"8":{"line":272,"type":"if","locations":[{"start":{"line":272,"column":8},"end":{"line":272,"column":8}},{"start":{"line":272,"column":8},"end":{"line":272,"column":8}}]},"9":{"line":272,"type":"cond-expr","locations":[{"start":{"line":272,"column":12},"end":{"line":272,"column":24}},{"start":{"line":272,"column":29},"end":{"line":272,"column":41}}]},"10":{"line":280,"type":"if","locations":[{"start":{"line":280,"column":8},"end":{"line":280,"column":8}},{"start":{"line":280,"column":8},"end":{"line":280,"column":8}}]},"11":{"line":281,"type":"cond-expr","locations":[{"start":{"line":281,"column":12},"end":{"line":281,"column":71}},{"start":{"line":282,"column":16},"end":{"line":282,"column":75}}]},"12":{"line":288,"type":"if","locations":[{"start":{"line":288,"column":8},"end":{"line":288,"column":8}},{"start":{"line":288,"column":8},"end":{"line":288,"column":8}}]},"13":{"line":306,"type":"if","locations":[{"start":{"line":306,"column":23},"end":{"line":306,"column":23}},{"start":{"line":306,"column":23},"end":{"line":306,"column":23}}]},"14":{"line":307,"type":"if","locations":[{"start":{"line":307,"column":8},"end":{"line":307,"column":8}},{"start":{"line":307,"column":8},"end":{"line":307,"column":8}}]},"15":{"line":319,"type":"if","locations":[{"start":{"line":319,"column":8},"end":{"line":319,"column":8}},{"start":{"line":319,"column":8},"end":{"line":319,"column":8}}]},"16":{"line":326,"type":"if","locations":[{"start":{"line":326,"column":8},"end":{"line":326,"column":8}},{"start":{"line":326,"column":8},"end":{"line":326,"column":8}}]},"17":{"line":343,"type":"if","locations":[{"start":{"line":343,"column":8},"end":{"line":343,"column":8}},{"start":{"line":343,"column":8},"end":{"line":343,"column":8}}]},"18":{"line":346,"type":"if","locations":[{"start":{"line":346,"column":8},"end":{"line":346,"column":8}},{"start":{"line":346,"column":8},"end":{"line":346,"column":8}}]},"19":{"line":360,"type":"if","locations":[{"start":{"line":360,"column":8},"end":{"line":360,"column":8}},{"start":{"line":360,"column":8},"end":{"line":360,"column":8}}]},"20":{"line":388,"type":"if","locations":[{"start":{"line":388,"column":15},"end":{"line":388,"column":15}},{"start":{"line":388,"column":15},"end":{"line":388,"column":15}}]},"21":{"line":389,"type":"if","locations":[{"start":{"line":389,"column":8},"end":{"line":389,"column":8}},{"start":{"line":389,"column":8},"end":{"line":389,"column":8}}]},"22":{"line":420,"type":"if","locations":[{"start":{"line":420,"column":8},"end":{"line":420,"column":8}},{"start":{"line":420,"column":8},"end":{"line":420,"column":8}}]},"23":{"line":421,"type":"if","locations":[{"start":{"line":421,"column":8},"end":{"line":421,"column":8}},{"start":{"line":421,"column":8},"end":{"line":421,"column":8}}]},"24":{"line":435,"type":"if","locations":[{"start":{"line":435,"column":15},"end":{"line":435,"column":15}},{"start":{"line":435,"column":15},"end":{"line":435,"column":15}}]},"25":{"line":445,"type":"if","locations":[{"start":{"line":445,"column":15},"end":{"line":445,"column":15}},{"start":{"line":445,"column":15},"end":{"line":445,"column":15}}]},"26":{"line":455,"type":"if","locations":[{"start":{"line":455,"column":15},"end":{"line":455,"column":15}},{"start":{"line":455,"column":15},"end":{"line":455,"column":15}}]},"27":{"line":463,"type":"if","locations":[{"start":{"line":463,"column":68},"end":{"line":463,"column":68}},{"start":{"line":463,"column":68},"end":{"line":463,"column":68}}]},"28":{"line":471,"type":"if","locations":[{"start":{"line":471,"column":68},"end":{"line":471,"column":68}},{"start":{"line":471,"column":68},"end":{"line":471,"column":68}}]},"29":{"line":479,"type":"if","locations":[{"start":{"line":479,"column":68},"end":{"line":479,"column":68}},{"start":{"line":479,"column":68},"end":{"line":479,"column":68}}]},"30":{"line":489,"type":"if","locations":[{"start":{"line":489,"column":13},"end":{"line":489,"column":13}},{"start":{"line":489,"column":13},"end":{"line":489,"column":13}}]},"31":{"line":499,"type":"if","locations":[{"start":{"line":499,"column":13},"end":{"line":499,"column":13}},{"start":{"line":499,"column":13},"end":{"line":499,"column":13}}]},"32":{"line":508,"type":"if","locations":[{"start":{"line":508,"column":68},"end":{"line":508,"column":68}},{"start":{"line":508,"column":68},"end":{"line":508,"column":68}}]},"33":{"line":509,"type":"if","locations":[{"start":{"line":509,"column":8},"end":{"line":509,"column":8}},{"start":{"line":509,"column":8},"end":{"line":509,"column":8}}]},"34":{"line":522,"type":"if","locations":[{"start":{"line":522,"column":15},"end":{"line":522,"column":15}},{"start":{"line":522,"column":15},"end":{"line":522,"column":15}}]},"35":{"line":523,"type":"if","locations":[{"start":{"line":523,"column":8},"end":{"line":523,"column":8}},{"start":{"line":523,"column":8},"end":{"line":523,"column":8}}]},"36":{"line":529,"type":"if","locations":[{"start":{"line":529,"column":8},"end":{"line":529,"column":8}},{"start":{"line":529,"column":8},"end":{"line":529,"column":8}}]},"37":{"line":539,"type":"if","locations":[{"start":{"line":539,"column":68},"end":{"line":539,"column":68}},{"start":{"line":539,"column":68},"end":{"line":539,"column":68}}]},"38":{"line":540,"type":"if","locations":[{"start":{"line":540,"column":8},"end":{"line":540,"column":8}},{"start":{"line":540,"column":8},"end":{"line":540,"column":8}}]},"39":{"line":550,"type":"if","locations":[{"start":{"line":550,"column":50},"end":{"line":550,"column":50}},{"start":{"line":550,"column":50},"end":{"line":550,"column":50}}]},"40":{"line":551,"type":"if","locations":[{"start":{"line":551,"column":8},"end":{"line":551,"column":8}},{"start":{"line":551,"column":8},"end":{"line":551,"column":8}}]},"41":{"line":563,"type":"if","locations":[{"start":{"line":563,"column":15},"end":{"line":563,"column":15}},{"start":{"line":563,"column":15},"end":{"line":563,"column":15}}]},"42":{"line":570,"type":"if","locations":[{"start":{"line":570,"column":8},"end":{"line":570,"column":8}},{"start":{"line":570,"column":8},"end":{"line":570,"column":8}}]},"43":{"line":577,"type":"if","locations":[{"start":{"line":577,"column":8},"end":{"line":577,"column":8}},{"start":{"line":577,"column":8},"end":{"line":577,"column":8}}]},"44":{"line":584,"type":"if","locations":[{"start":{"line":584,"column":8},"end":{"line":584,"column":8}},{"start":{"line":584,"column":8},"end":{"line":584,"column":8}}]},"45":{"line":595,"type":"if","locations":[{"start":{"line":595,"column":48},"end":{"line":595,"column":48}},{"start":{"line":595,"column":48},"end":{"line":595,"column":48}}]},"46":{"line":597,"type":"if","locations":[{"start":{"line":597,"column":8},"end":{"line":597,"column":8}},{"start":{"line":597,"column":8},"end":{"line":597,"column":8}}]},"47":{"line":603,"type":"if","locations":[{"start":{"line":603,"column":36},"end":{"line":603,"column":36}},{"start":{"line":603,"column":36},"end":{"line":603,"column":36}}]},"48":{"line":605,"type":"if","locations":[{"start":{"line":605,"column":8},"end":{"line":605,"column":8}},{"start":{"line":605,"column":8},"end":{"line":605,"column":8}}]},"49":{"line":613,"type":"if","locations":[{"start":{"line":613,"column":68},"end":{"line":613,"column":68}},{"start":{"line":613,"column":68},"end":{"line":613,"column":68}}]},"50":{"line":614,"type":"if","locations":[{"start":{"line":614,"column":8},"end":{"line":614,"column":8}},{"start":{"line":614,"column":8},"end":{"line":614,"column":8}}]}}}}
