TN:
SF:/Users/rodolfoferro/Documents/GitHub/watchers-rings-contract/contracts/ERC721Common.sol
FN:19,constructor
FN:22,stateOf
FN:35,_baseURI
FN:48,supportsInterface
FN:66,_beforeTokenTransfer
FN:95,bulkMint
FNF:6
FNH:2
FNDA:33,constructor
FNDA:0,stateOf
FNDA:0,_baseURI
FNDA:0,supportsInterface
FNDA:116,_beforeTokenTransfer
FNDA:0,bulkMint
DA:25,0
DA:29,0
DA:42,0
DA:57,0
DA:76,116
DA:98,0
DA:99,0
DA:101,0
DA:102,0
LF:9
LH:1
BRDA:25,1,0,0
BRDA:25,1,1,0
BRDA:58,2,0,0
BRDA:58,2,1,0
BRDA:58,3,0,0
BRDA:58,3,1,0
BRDA:95,4,0,0
BRDA:95,4,1,0
BRDA:98,5,0,0
BRDA:98,5,1,0
BRF:10
BRH:0
end_of_record
TN:
SF:/Users/rodolfoferro/Documents/GitHub/watchers-rings-contract/contracts/ERC721PresetMinterPauserAutoIdCustomized.sol
FN:45,constructor
FN:58,setBaseURI
FN:62,_baseURI
FN:77,mint
FN:94,pause
FN:111,unpause
FN:119,_beforeTokenTransfer
FN:131,supportsInterface
FN:152,_mintFor
FNF:9
FNH:2
FNDA:33,constructor
FNDA:0,setBaseURI
FNDA:0,_baseURI
FNDA:0,mint
FNDA:0,pause
FNDA:0,unpause
FNDA:116,_beforeTokenTransfer
FNDA:0,supportsInterface
FNDA:0,_mintFor
DA:46,33
DA:48,33
DA:49,33
DA:50,33
DA:53,33
DA:59,0
DA:63,0
DA:78,0
DA:82,0
DA:95,0
DA:99,0
DA:112,0
DA:116,0
DA:125,116
DA:140,0
DA:155,0
DA:156,0
DA:157,0
LF:18
LH:6
BRDA:58,1,0,0
BRDA:58,1,1,0
BRDA:78,2,0,0
BRDA:78,2,1,0
BRDA:95,3,0,0
BRDA:95,3,1,0
BRDA:112,4,0,0
BRDA:112,4,1,0
BRDA:141,5,0,0
BRDA:141,5,1,0
BRF:10
BRH:0
end_of_record
TN:
SF:/Users/rodolfoferro/Documents/GitHub/watchers-rings-contract/contracts/interfaces/IERC721Common.sol
FNF:0
FNH:0
LF:0
LH:0
BRF:0
BRH:0
end_of_record
TN:
SF:/Users/rodolfoferro/Documents/GitHub/watchers-rings-contract/contracts/interfaces/IERC721PresetMinterPauserAutoIdCustomized.sol
FNF:0
FNH:0
LF:0
LH:0
BRF:0
BRH:0
end_of_record
TN:
SF:/Users/rodolfoferro/Documents/GitHub/watchers-rings-contract/contracts/interfaces/IERC721State.sol
FNF:0
FNH:0
LF:0
LH:0
BRF:0
BRH:0
end_of_record
TN:
SF:/Users/rodolfoferro/Documents/GitHub/watchers-rings-contract/contracts/interfaces/launchpad/INFTLaunchpad.sol
FNF:0
FNH:0
LF:0
LH:0
BRF:0
BRH:0
end_of_record
TN:
SF:/Users/rodolfoferro/Documents/GitHub/watchers-rings-contract/contracts/IWatchersRing.sol
FNF:0
FNH:0
LF:0
LH:0
BRF:0
BRH:0
end_of_record
TN:
SF:/Users/rodolfoferro/Documents/GitHub/watchers-rings-contract/contracts/refs/ERC721Nonce.sol
FN:26,_beforeTokenTransfer
FNF:1
FNH:1
FNDA:116,_beforeTokenTransfer
DA:32,116
DA:37,116
DA:39,116
LF:3
LH:3
BRF:0
BRH:0
end_of_record
TN:
SF:/Users/rodolfoferro/Documents/GitHub/watchers-rings-contract/contracts/WatchersRing.sol
FN:46,constructor
FN:54,pauseContract
FN:63,unpauseContract
FN:73,_beforeTokenTransfer
FN:86,supportsInterface
FN:97,getTokens
FN:120,mintTokenId
FN:140,tokenURI
FN:156,exists
FN:164,totalSupply
FN:177,getBaseURI
FN:189,setNewBaseURI
FN:198,setMinter
FN:208,approve
FN:221,setApprovalForAll
FN:236,isApprovedForAll
FN:250,getApproved
FN:266,setDeniedMarketplace
FN:274,withdrawAll
FN:285,forwardERC20s
FNF:20
FNH:17
FNDA:33,constructor
FNDA:1,pauseContract
FNDA:1,unpauseContract
FNDA:116,_beforeTokenTransfer
FNDA:0,supportsInterface
FNDA:2,getTokens
FNDA:113,mintTokenId
FNDA:3,tokenURI
FNDA:1,exists
FNDA:1,totalSupply
FNDA:0,getBaseURI
FNDA:1,setNewBaseURI
FNDA:10,setMinter
FNDA:5,approve
FNDA:3,setApprovalForAll
FNDA:9,isApprovedForAll
FNDA:5,getApproved
FNDA:6,setDeniedMarketplace
FNDA:1,withdrawAll
FNDA:0,forwardERC20s
DA:47,33
DA:48,33
DA:55,1
DA:56,1
DA:64,1
DA:65,1
DA:79,116
DA:89,0
DA:100,2
DA:101,2
DA:103,2
DA:104,102
DA:107,2
DA:121,113
DA:122,0
DA:125,113
DA:127,112
DA:129,112
DA:130,112
DA:132,112
DA:143,3
DA:148,2
DA:157,1
DA:170,1
DA:178,0
DA:190,1
DA:191,1
DA:199,10
DA:200,10
DA:212,5
DA:213,4
DA:225,3
DA:226,2
DA:240,9
DA:241,6
DA:253,5
DA:254,5
DA:255,5
DA:267,6
DA:275,1
DA:276,1
DA:286,0
DA:287,0
DA:289,0
LF:44
LH:38
BRDA:54,1,0,1
BRDA:54,1,1,1
BRDA:55,2,0,1
BRDA:55,2,1,0
BRDA:63,3,0,1
BRDA:63,3,1,1
BRDA:64,4,0,1
BRDA:64,4,1,0
BRDA:120,5,0,113
BRDA:120,5,1,0
BRDA:121,6,0,0
BRDA:121,6,1,113
BRDA:125,7,0,112
BRDA:125,7,1,1
BRDA:127,8,0,112
BRDA:127,8,1,0
BRDA:143,9,0,2
BRDA:143,9,1,1
BRDA:189,10,0,1
BRDA:189,10,1,0
BRDA:198,11,0,10
BRDA:198,11,1,0
BRDA:199,12,0,10
BRDA:199,12,1,0
BRDA:212,13,0,4
BRDA:212,13,1,1
BRDA:225,14,0,2
BRDA:225,14,1,1
BRDA:240,15,0,6
BRDA:240,15,1,3
BRDA:254,16,0,5
BRDA:254,16,1,0
BRDA:266,17,0,6
BRDA:266,17,1,0
BRDA:274,18,0,1
BRDA:274,18,1,0
BRDA:276,19,0,1
BRDA:276,19,1,0
BRDA:285,20,0,0
BRDA:285,20,1,0
BRDA:286,21,0,0
BRDA:286,21,1,0
BRF:42
BRH:26
end_of_record
TN:
SF:/Users/rodolfoferro/Documents/GitHub/watchers-rings-contract/contracts/WatchersRingMinter.sol
FN:83,constructor
FN:92,mintlistStarted
FN:100,claimsStarted
FN:108,publicStarted
FN:116,getInitialRings
FN:124,getRingPrice
FN:132,generateRing
FN:156,getTokenIdRingType
FN:166,getTotalMintedRings
FN:184,getTotalMintedRingsByType
FN:207,getAvailableRings
FN:226,getProbabilities
FN:234,mint
FN:242,privateMint
FN:265,mintlistMint
FN:306,claimlistMint
FN:339,_mintTokensCheckingValue
FN:359,_mintTokens
FN:388,ownerMint
FN:406,ownerGetNextTokenId
FN:435,setPublicMintStartTime
FN:445,setMintlistStartTime
FN:455,setClaimsStartTime
FN:463,setMintlistMerkleRoot1
FN:471,setMintlistMerkleRoot2
FN:479,setClaimlistMerkleRoot
FN:489,setWatchersRing
FN:499,setVaultAddress
FN:508,setGlobalIdOffset
FN:522,setLocalIdOffsets
FN:539,setRingsAvailable
FN:550,setPrice
FN:563,setProbabilities
FN:595,withdraw
FN:603,withdrawAll
FN:613,forwardERC20s
FNF:36
FNH:35
FNDA:30,constructor
FNDA:20,mintlistStarted
FNDA:7,claimsStarted
FNDA:13,publicStarted
FNDA:15,getInitialRings
FNDA:1,getRingPrice
FNDA:107,generateRing
FNDA:1,getTokenIdRingType
FNDA:12,getTotalMintedRings
FNDA:1,getTotalMintedRingsByType
FNDA:1,getAvailableRings
FNDA:1,getProbabilities
FNDA:11,mint
FNDA:11,privateMint
FNDA:6,mintlistMint
FNDA:5,claimlistMint
FNDA:11,_mintTokensCheckingValue
FNDA:12,_mintTokens
FNDA:3,ownerMint
FNDA:113,ownerGetNextTokenId
FNDA:8,setPublicMintStartTime
FNDA:8,setMintlistStartTime
FNDA:7,setClaimsStartTime
FNDA:2,setMintlistMerkleRoot1
FNDA:2,setMintlistMerkleRoot2
FNDA:1,setClaimlistMerkleRoot
FNDA:30,setWatchersRing
FNDA:30,setVaultAddress
FNDA:1,setGlobalIdOffset
FNDA:1,setLocalIdOffsets
FNDA:2,setRingsAvailable
FNDA:7,setPrice
FNDA:3,setProbabilities
FNDA:1,withdraw
FNDA:1,withdrawAll
FNDA:0,forwardERC20s
DA:84,30
DA:85,30
DA:93,20
DA:101,7
DA:109,13
DA:117,15
DA:125,1
DA:133,107
DA:135,107
DA:136,107
DA:140,107
DA:141,107
DA:142,429
DA:143,429
DA:144,107
DA:145,107
DA:149,107
DA:159,1
DA:167,12
DA:168,12
DA:177,12
DA:189,1
DA:191,1
DA:192,1
DA:193,1
DA:194,1
DA:195,1
DA:196,1
DA:197,1
DA:198,1
DA:200,1
DA:208,1
DA:210,1
DA:219,1
DA:227,1
DA:235,11
DA:243,11
DA:244,1
DA:249,10
DA:250,1
DA:252,9
DA:266,6
DA:267,1
DA:272,5
DA:273,0
DA:276,5
DA:280,5
DA:286,3
DA:288,3
DA:292,2
DA:293,2
DA:307,5
DA:308,1
DA:315,4
DA:319,4
DA:324,3
DA:326,3
DA:330,2
DA:331,2
DA:343,11
DA:344,0
DA:346,11
DA:350,10
DA:360,12
DA:365,12
DA:366,107
DA:369,107
DA:372,107
DA:373,107
DA:375,107
DA:389,3
DA:393,3
DA:394,6
DA:395,6
DA:397,6
DA:409,113
DA:418,113
DA:420,113
DA:421,113
DA:423,113
DA:436,8
DA:446,8
DA:456,7
DA:464,2
DA:472,2
DA:480,1
DA:490,30
DA:500,30
DA:509,1
DA:510,0
DA:512,1
DA:523,1
DA:524,0
DA:529,1
DA:530,0
DA:532,1
DA:540,2
DA:541,0
DA:543,2
DA:551,7
DA:552,0
DA:554,7
DA:564,3
DA:566,3
DA:567,18
DA:570,3
DA:571,2
DA:577,1
DA:578,0
DA:584,1
DA:585,0
DA:588,1
DA:596,1
DA:597,1
DA:604,1
DA:605,1
DA:614,0
DA:615,0
DA:617,0
LF:119
LH:107
BRDA:143,1,0,107
BRDA:143,1,1,322
BRDA:234,2,0,11
BRDA:234,2,1,0
BRDA:243,3,0,1
BRDA:243,3,1,10
BRDA:249,4,0,1
BRDA:249,4,1,9
BRDA:249,5,0,0
BRDA:249,5,1,1
BRDA:265,6,0,6
BRDA:265,6,1,0
BRDA:266,7,0,1
BRDA:266,7,1,5
BRDA:272,8,0,0
BRDA:272,8,1,5
BRDA:272,9,0,0
BRDA:272,9,1,0
BRDA:280,10,0,3
BRDA:280,10,1,2
BRDA:281,11,0,2
BRDA:281,11,1,1
BRDA:288,12,0,2
BRDA:288,12,1,1
BRDA:306,13,0,5
BRDA:306,13,1,0
BRDA:307,14,0,1
BRDA:307,14,1,4
BRDA:319,15,0,3
BRDA:319,15,1,1
BRDA:326,16,0,2
BRDA:326,16,1,1
BRDA:343,17,0,0
BRDA:343,17,1,11
BRDA:346,18,0,10
BRDA:346,18,1,1
BRDA:360,19,0,12
BRDA:360,19,1,0
BRDA:388,20,0,3
BRDA:388,20,1,0
BRDA:389,21,0,3
BRDA:389,21,1,0
BRDA:420,22,0,113
BRDA:420,22,1,0
BRDA:421,23,0,113
BRDA:421,23,1,0
BRDA:435,24,0,8
BRDA:435,24,1,0
BRDA:445,25,0,8
BRDA:445,25,1,0
BRDA:455,26,0,7
BRDA:455,26,1,0
BRDA:463,27,0,2
BRDA:463,27,1,0
BRDA:471,28,0,2
BRDA:471,28,1,0
BRDA:479,29,0,1
BRDA:479,29,1,0
BRDA:489,30,0,30
BRDA:489,30,1,0
BRDA:499,31,0,30
BRDA:499,31,1,0
BRDA:508,32,0,1
BRDA:508,32,1,0
BRDA:509,33,0,0
BRDA:509,33,1,1
BRDA:522,34,0,1
BRDA:522,34,1,0
BRDA:523,35,0,0
BRDA:523,35,1,1
BRDA:529,36,0,0
BRDA:529,36,1,1
BRDA:539,37,0,2
BRDA:539,37,1,0
BRDA:540,38,0,0
BRDA:540,38,1,2
BRDA:550,39,0,7
BRDA:550,39,1,0
BRDA:551,40,0,0
BRDA:551,40,1,7
BRDA:563,41,0,3
BRDA:563,41,1,0
BRDA:570,42,0,2
BRDA:570,42,1,1
BRDA:577,43,0,0
BRDA:577,43,1,1
BRDA:584,44,0,0
BRDA:584,44,1,1
BRDA:595,45,0,1
BRDA:595,45,1,0
BRDA:597,46,0,1
BRDA:597,46,1,0
BRDA:603,47,0,1
BRDA:603,47,1,0
BRDA:605,48,0,1
BRDA:605,48,1,0
BRDA:613,49,0,0
BRDA:613,49,1,0
BRDA:614,50,0,0
BRDA:614,50,1,0
BRF:100
BRH:59
end_of_record
