TN:
SF:/Users/rodolfoferro/Documents/GitHub/watchers-rings-contract/contracts/IWatchersRing.sol
FNF:0
FNH:0
LF:0
LH:0
BRF:0
BRH:0
end_of_record
TN:
SF:/Users/rodolfoferro/Documents/GitHub/watchers-rings-contract/contracts/WatchersRing.sol
FN:42,constructor
FN:56,mintTokenId
FN:74,tokenURI
FN:90,exists
FN:98,totalSupply
FN:110,setBaseURI
FN:118,setMinter
FN:128,approve
FN:138,setApprovalForAll
FN:153,isApprovedForAll
FN:167,getApproved
FN:183,setDeniedMarketplace
FN:191,withdrawAll
FN:202,forwardERC20s
FNF:14
FNH:13
FNDA:30,constructor
FNDA:111,mintTokenId
FNDA:3,tokenURI
FNDA:1,exists
FNDA:1,totalSupply
FNDA:1,setBaseURI
FNDA:9,setMinter
FNDA:5,approve
FNDA:3,setApprovalForAll
FNDA:9,isApprovedForAll
FNDA:5,getApproved
FNDA:6,setDeniedMarketplace
FNDA:1,withdrawAll
FNDA:0,forwardERC20s
DA:43,30
DA:57,111
DA:58,0
DA:61,111
DA:63,111
DA:64,111
DA:66,111
DA:77,3
DA:82,2
DA:91,1
DA:99,1
DA:111,1
DA:119,9
DA:120,9
DA:129,5
DA:130,4
DA:142,3
DA:143,2
DA:157,9
DA:158,6
DA:170,5
DA:171,5
DA:172,5
DA:184,6
DA:192,1
DA:193,1
DA:203,0
DA:204,0
DA:206,0
LF:29
LH:25
BRDA:56,1,0,111
BRDA:56,1,1,0
BRDA:57,2,0,0
BRDA:57,2,1,111
BRDA:61,3,0,111
BRDA:61,3,1,0
BRDA:77,4,0,2
BRDA:77,4,1,1
BRDA:110,5,0,1
BRDA:110,5,1,0
BRDA:118,6,0,9
BRDA:118,6,1,0
BRDA:119,7,0,9
BRDA:119,7,1,0
BRDA:129,8,0,4
BRDA:129,8,1,1
BRDA:142,9,0,2
BRDA:142,9,1,1
BRDA:157,10,0,6
BRDA:157,10,1,3
BRDA:171,11,0,5
BRDA:171,11,1,0
BRDA:183,12,0,6
BRDA:183,12,1,0
BRDA:191,13,0,1
BRDA:191,13,1,0
BRDA:193,14,0,1
BRDA:193,14,1,0
BRDA:202,15,0,0
BRDA:202,15,1,0
BRDA:203,16,0,0
BRDA:203,16,1,0
BRF:32
BRH:18
end_of_record
TN:
SF:/Users/rodolfoferro/Documents/GitHub/watchers-rings-contract/contracts/WatchersRingMinter.sol
FN:83,constructor
FN:92,mintlistStarted
FN:100,claimsStarted
FN:108,publicStarted
FN:116,getInitialRings
FN:124,getRingPrice
FN:132,generateRing
FN:156,getTokenIdRingType
FN:166,getTotalMintedRings
FN:184,getTotalMintedRingsByType
FN:207,getAvailableRings
FN:226,getProbabilities
FN:234,mint
FN:242,privateMint
FN:265,mintlistMint
FN:306,claimlistMint
FN:339,_mintTokensCheckingValue
FN:359,_mintTokens
FN:388,ownerMint
FN:406,ownerGetNextTokenId
FN:435,setPublicMintStartTime
FN:445,setMintlistStartTime
FN:455,setClaimsStartTime
FN:463,setMintlistMerkleRoot1
FN:471,setMintlistMerkleRoot2
FN:479,setClaimlistMerkleRoot
FN:489,setWatchersRing
FN:499,setVaultAddress
FN:508,setGlobalIdOffset
FN:522,setLocalIdOffsets
FN:539,setRingsAvailable
FN:550,setPrice
FN:563,setProbabilities
FN:595,withdraw
FN:603,withdrawAll
FN:613,forwardERC20s
FNF:36
FNH:35
FNDA:27,constructor
FNDA:18,mintlistStarted
FNDA:7,claimsStarted
FNDA:11,publicStarted
FNDA:12,getInitialRings
FNDA:1,getRingPrice
FNDA:105,generateRing
FNDA:1,getTokenIdRingType
FNDA:10,getTotalMintedRings
FNDA:1,getTotalMintedRingsByType
FNDA:1,getAvailableRings
FNDA:1,getProbabilities
FNDA:9,mint
FNDA:9,privateMint
FNDA:6,mintlistMint
FNDA:5,claimlistMint
FNDA:9,_mintTokensCheckingValue
FNDA:10,_mintTokens
FNDA:3,ownerMint
FNDA:111,ownerGetNextTokenId
FNDA:7,setPublicMintStartTime
FNDA:7,setMintlistStartTime
FNDA:6,setClaimsStartTime
FNDA:2,setMintlistMerkleRoot1
FNDA:2,setMintlistMerkleRoot2
FNDA:1,setClaimlistMerkleRoot
FNDA:27,setWatchersRing
FNDA:27,setVaultAddress
FNDA:1,setGlobalIdOffset
FNDA:1,setLocalIdOffsets
FNDA:1,setRingsAvailable
FNDA:6,setPrice
FNDA:3,setProbabilities
FNDA:1,withdraw
FNDA:1,withdrawAll
FNDA:0,forwardERC20s
DA:84,27
DA:85,27
DA:93,18
DA:101,7
DA:109,11
DA:117,12
DA:125,1
DA:133,105
DA:135,105
DA:136,105
DA:140,105
DA:141,105
DA:142,456
DA:143,456
DA:144,105
DA:145,105
DA:149,105
DA:159,1
DA:167,10
DA:168,10
DA:177,10
DA:189,1
DA:191,1
DA:192,1
DA:193,1
DA:194,1
DA:195,1
DA:196,1
DA:197,1
DA:198,1
DA:200,1
DA:208,1
DA:210,1
DA:219,1
DA:227,1
DA:235,9
DA:243,9
DA:244,1
DA:249,8
DA:250,1
DA:252,7
DA:266,6
DA:267,1
DA:272,5
DA:273,0
DA:276,5
DA:280,5
DA:286,3
DA:288,3
DA:292,2
DA:293,2
DA:307,5
DA:308,1
DA:315,4
DA:319,4
DA:324,3
DA:326,3
DA:330,2
DA:331,2
DA:343,9
DA:344,0
DA:346,9
DA:350,8
DA:360,10
DA:365,10
DA:366,105
DA:369,105
DA:372,105
DA:373,105
DA:375,105
DA:389,3
DA:393,3
DA:394,6
DA:395,6
DA:397,6
DA:409,111
DA:418,111
DA:420,111
DA:421,111
DA:423,111
DA:436,7
DA:446,7
DA:456,6
DA:464,2
DA:472,2
DA:480,1
DA:490,27
DA:500,27
DA:509,1
DA:510,0
DA:512,1
DA:523,1
DA:524,0
DA:529,1
DA:530,0
DA:532,1
DA:540,1
DA:541,0
DA:543,1
DA:551,6
DA:552,0
DA:554,6
DA:564,3
DA:566,3
DA:567,18
DA:570,3
DA:571,2
DA:577,1
DA:578,0
DA:584,1
DA:585,0
DA:588,1
DA:596,1
DA:597,1
DA:604,1
DA:605,1
DA:614,0
DA:615,0
DA:617,0
LF:119
LH:107
BRDA:143,1,0,105
BRDA:143,1,1,351
BRDA:234,2,0,9
BRDA:234,2,1,0
BRDA:243,3,0,1
BRDA:243,3,1,8
BRDA:249,4,0,1
BRDA:249,4,1,7
BRDA:249,5,0,0
BRDA:249,5,1,1
BRDA:265,6,0,6
BRDA:265,6,1,0
BRDA:266,7,0,1
BRDA:266,7,1,5
BRDA:272,8,0,0
BRDA:272,8,1,5
BRDA:272,9,0,0
BRDA:272,9,1,0
BRDA:280,10,0,3
BRDA:280,10,1,2
BRDA:281,11,0,2
BRDA:281,11,1,1
BRDA:288,12,0,2
BRDA:288,12,1,1
BRDA:306,13,0,5
BRDA:306,13,1,0
BRDA:307,14,0,1
BRDA:307,14,1,4
BRDA:319,15,0,3
BRDA:319,15,1,1
BRDA:326,16,0,2
BRDA:326,16,1,1
BRDA:343,17,0,0
BRDA:343,17,1,9
BRDA:346,18,0,8
BRDA:346,18,1,1
BRDA:360,19,0,10
BRDA:360,19,1,0
BRDA:388,20,0,3
BRDA:388,20,1,0
BRDA:389,21,0,3
BRDA:389,21,1,0
BRDA:420,22,0,111
BRDA:420,22,1,0
BRDA:421,23,0,111
BRDA:421,23,1,0
BRDA:435,24,0,7
BRDA:435,24,1,0
BRDA:445,25,0,7
BRDA:445,25,1,0
BRDA:455,26,0,6
BRDA:455,26,1,0
BRDA:463,27,0,2
BRDA:463,27,1,0
BRDA:471,28,0,2
BRDA:471,28,1,0
BRDA:479,29,0,1
BRDA:479,29,1,0
BRDA:489,30,0,27
BRDA:489,30,1,0
BRDA:499,31,0,27
BRDA:499,31,1,0
BRDA:508,32,0,1
BRDA:508,32,1,0
BRDA:509,33,0,0
BRDA:509,33,1,1
BRDA:522,34,0,1
BRDA:522,34,1,0
BRDA:523,35,0,0
BRDA:523,35,1,1
BRDA:529,36,0,0
BRDA:529,36,1,1
BRDA:539,37,0,1
BRDA:539,37,1,0
BRDA:540,38,0,0
BRDA:540,38,1,1
BRDA:550,39,0,6
BRDA:550,39,1,0
BRDA:551,40,0,0
BRDA:551,40,1,6
BRDA:563,41,0,3
BRDA:563,41,1,0
BRDA:570,42,0,2
BRDA:570,42,1,1
BRDA:577,43,0,0
BRDA:577,43,1,1
BRDA:584,44,0,0
BRDA:584,44,1,1
BRDA:595,45,0,1
BRDA:595,45,1,0
BRDA:597,46,0,1
BRDA:597,46,1,0
BRDA:603,47,0,1
BRDA:603,47,1,0
BRDA:605,48,0,1
BRDA:605,48,1,0
BRDA:613,49,0,0
BRDA:613,49,1,0
BRDA:614,50,0,0
BRDA:614,50,1,0
BRF:100
BRH:59
end_of_record
